<?xml version="1.0" encoding="UTF-8"?>
<robot generator="Robot 7.0 (Python 3.8.2 on darwin)" generated="2024-03-10T06:41:34.841464" rpa="false" schemaversion="5">
<suite id="s1" name="Tests" source="/Users/usuario/Documents/robot-framework/tests">
<suite id="s1-s1" name="Requests" source="/Users/usuario/Documents/robot-framework/tests/requests.robot">
<test id="s1-s1-t1" name="Test init" line="7">
<kw name="Request" owner="resources_keywords">
<kw name="Run Keyword If" owner="BuiltIn">
<kw name="Load JSON Data" owner="resources_keywords">
<kw name="Get File" owner="OperatingSystem">
<msg time="2024-03-10T06:41:35.718937" level="INFO" html="true">Getting file '&lt;a href="file:///Users/usuario/Documents/robot-framework/jsons/post_token.json"&gt;/Users/usuario/Documents/robot-framework/jsons/post_token.json&lt;/a&gt;'.</msg>
<msg time="2024-03-10T06:41:35.719293" level="INFO">${json_content} = {
  "status": 200,
  "url": "serverest/login",
  "body": {
    "email": "fulano@qa.com",
    "password": "teste"
  },
  "save":[{"path": "authorization", "as": "token"}]
}
</msg>
<var>${json_content}</var>
<arg>${json_file_path}</arg>
<doc>Returns the contents of a specified file.</doc>
<status status="PASS" start="2024-03-10T06:41:35.718437" elapsed="0.000907"/>
</kw>
<kw name="Evaluate" owner="BuiltIn">
<msg time="2024-03-10T06:41:35.720252" level="INFO">${json_data} = {'status': 200, 'url': 'serverest/login', 'body': {'email': 'fulano@qa.com', 'password': 'teste'}, 'save': [{'path': 'authorization', 'as': 'token'}]}</msg>
<var>${json_data}</var>
<arg>json.loads("""${json_content}""")</arg>
<arg>json</arg>
<doc>Evaluates the given expression in Python and returns the result.</doc>
<status status="PASS" start="2024-03-10T06:41:35.719679" elapsed="0.000620"/>
</kw>
<return>
<value>${json_data}</value>
<status status="PASS" start="2024-03-10T06:41:35.720425" elapsed="0.000089"/>
</return>
<arg>${json}.json</arg>
<status status="PASS" start="2024-03-10T06:41:35.717455" elapsed="0.003318"/>
</kw>
<msg time="2024-03-10T06:41:35.720921" level="INFO">${json_data} = {'status': 200, 'url': 'serverest/login', 'body': {'email': 'fulano@qa.com', 'password': 'teste'}, 'save': [{'path': 'authorization', 'as': 'token'}]}</msg>
<var>${json_data}</var>
<arg>'${json.__class__.__name__}' == 'str'</arg>
<arg>Load JSON Data</arg>
<arg>${json}.json</arg>
<arg>ELSE</arg>
<arg>Set Variable</arg>
<arg>${json}</arg>
<doc>Runs the given keyword with the given arguments, if ``condition`` is true.</doc>
<status status="PASS" start="2024-03-10T06:41:35.715937" elapsed="0.005026"/>
</kw>
<kw name="Process URL" owner="keywords_requests">
<kw name="Set Variable" owner="BuiltIn">
<msg time="2024-03-10T06:41:35.723316" level="INFO">${final_url} = serverest/login</msg>
<var>${final_url}</var>
<arg>${url}</arg>
<doc>Returns the given values which can then be assigned to a variables.</doc>
<status status="PASS" start="2024-03-10T06:41:35.722988" elapsed="0.000376"/>
</kw>
<kw name="Run Keyword And Return Status" owner="BuiltIn">
<kw name="Should Not Start With" owner="BuiltIn">
<arg>${url}</arg>
<arg>http</arg>
<doc>Fails if the string ``str1`` starts with the string ``str2``.</doc>
<status status="PASS" start="2024-03-10T06:41:35.723957" elapsed="0.000362"/>
</kw>
<msg time="2024-03-10T06:41:35.724510" level="INFO">${protocol_not_http} = True</msg>
<var>${protocol_not_http}</var>
<arg>Should Not Start With</arg>
<arg>${url}</arg>
<arg>http</arg>
<doc>Runs the given keyword with given arguments and returns the status as a Boolean value.</doc>
<status status="PASS" start="2024-03-10T06:41:35.723629" elapsed="0.000923"/>
</kw>
<if>
<branch type="IF" condition="${protocol_not_http}">
<kw name="Run Keyword And Return Status" owner="BuiltIn">
<kw name="Should Contain" owner="BuiltIn">
<arg>${url}</arg>
<arg>/</arg>
<doc>Fails if ``container`` does not contain ``item`` one or more times.</doc>
<status status="PASS" start="2024-03-10T06:41:35.725657" elapsed="0.000314"/>
</kw>
<msg time="2024-03-10T06:41:35.726149" level="INFO">${contains_slash} = True</msg>
<var>${contains_slash}</var>
<arg>Should Contain</arg>
<arg>${url}</arg>
<arg>/</arg>
<doc>Runs the given keyword with given arguments and returns the status as a Boolean value.</doc>
<status status="PASS" start="2024-03-10T06:41:35.725121" elapsed="0.001069"/>
</kw>
<if>
<branch type="IF" condition="${contains_slash}">
<kw name="Evaluate" owner="BuiltIn">
<msg time="2024-03-10T06:41:35.727117" level="INFO">${parts} = ['serverest', 'login']</msg>
<var>${parts}</var>
<arg>'${url}'.split('/')</arg>
<arg>json</arg>
<doc>Evaluates the given expression in Python and returns the result.</doc>
<status status="PASS" start="2024-03-10T06:41:35.726679" elapsed="0.000480"/>
</kw>
<kw name="Set Variable" owner="BuiltIn">
<msg time="2024-03-10T06:41:35.727740" level="INFO">${endpoint} = serverest</msg>
<var>${endpoint}</var>
<arg>${parts}[0]</arg>
<doc>Returns the given values which can then be assigned to a variables.</doc>
<status status="PASS" start="2024-03-10T06:41:35.727395" elapsed="0.000384"/>
</kw>
<kw name="Evaluate" owner="BuiltIn">
<msg time="2024-03-10T06:41:35.728436" level="INFO">${path} = login</msg>
<var>${path}</var>
<arg>'/'.join(${parts}[1:])</arg>
<arg>json</arg>
<doc>Evaluates the given expression in Python and returns the result.</doc>
<status status="PASS" start="2024-03-10T06:41:35.728017" elapsed="0.000463"/>
</kw>
<status status="PASS" start="2024-03-10T06:41:35.726339" elapsed="0.002219"/>
</branch>
<branch type="ELSE">
<kw name="Set Variable" owner="BuiltIn">
<var>${endpoint}</var>
<arg>${url}</arg>
<doc>Returns the given values which can then be assigned to a variables.</doc>
<status status="NOT RUN" start="2024-03-10T06:41:35.728861" elapsed="0.000035"/>
</kw>
<kw name="Set Variable" owner="BuiltIn">
<var>${path}</var>
<arg>${EMPTY}</arg>
<doc>Returns the given values which can then be assigned to a variables.</doc>
<status status="NOT RUN" start="2024-03-10T06:41:35.729117" elapsed="0.000033"/>
</kw>
<status status="NOT RUN" start="2024-03-10T06:41:35.728611" elapsed="0.000603"/>
</branch>
<status status="PASS" start="2024-03-10T06:41:35.726307" elapsed="0.002948"/>
</if>
<kw name="Get File" owner="OperatingSystem">
<msg time="2024-03-10T06:41:35.729903" level="INFO" html="true">Getting file '&lt;a href="file:///Users/usuario/Documents/robot-framework/config/env.json"&gt;/Users/usuario/Documents/robot-framework/config/env.json&lt;/a&gt;'.</msg>
<msg time="2024-03-10T06:41:35.730198" level="INFO">${file_content} = {
	"env": "QA",
	"QA": {
	  "users": "https://reqres.in/api/users/2",
	  "restcountries": "https://restcountries.com/v3.1/translation/germany",
	  "users_base":"https://reqres.in/api/users",
	  "serve...</msg>
<var>${file_content}</var>
<arg>${file_path}</arg>
<doc>Returns the contents of a specified file.</doc>
<status status="PASS" start="2024-03-10T06:41:35.729466" elapsed="0.000777"/>
</kw>
<kw name="Evaluate" owner="BuiltIn">
<msg time="2024-03-10T06:41:35.731004" level="INFO">${json_data} = {'env': 'QA', 'QA': {'users': 'https://reqres.in/api/users/2', 'restcountries': 'https://restcountries.com/v3.1/translation/germany', 'users_base': 'https://reqres.in/api/users', 'serverest': 'https:/...</msg>
<var>${json_data}</var>
<arg>json.loads("""${file_content}""")</arg>
<arg>json</arg>
<doc>Evaluates the given expression in Python and returns the result.</doc>
<status status="PASS" start="2024-03-10T06:41:35.730514" elapsed="0.000535"/>
</kw>
<kw name="Get From Dictionary" owner="Collections">
<msg time="2024-03-10T06:41:35.732054" level="INFO">${env} = QA</msg>
<var>${env}</var>
<arg>${json_data}</arg>
<arg>env</arg>
<arg>${None}</arg>
<doc>Returns a value from the given ``dictionary`` based on the given ``key``.</doc>
<status status="PASS" start="2024-03-10T06:41:35.731292" elapsed="0.000821"/>
</kw>
<kw name="Get From Dictionary" owner="Collections">
<msg time="2024-03-10T06:41:35.732800" level="INFO">${env_data} = {'users': 'https://reqres.in/api/users/2', 'restcountries': 'https://restcountries.com/v3.1/translation/germany', 'users_base': 'https://reqres.in/api/users', 'serverest': 'https://serverest.dev', 'bo...</msg>
<var>${env_data}</var>
<arg>${json_data}</arg>
<arg>${env}</arg>
<arg>${None}</arg>
<doc>Returns a value from the given ``dictionary`` based on the given ``key``.</doc>
<status status="PASS" start="2024-03-10T06:41:35.732362" elapsed="0.000588"/>
</kw>
<kw name="Get From Dictionary" owner="Collections">
<msg time="2024-03-10T06:41:35.733643" level="INFO">${endpoint_value} = https://serverest.dev</msg>
<var>${endpoint_value}</var>
<arg>${env_data}</arg>
<arg>${endpoint}</arg>
<arg>${None}</arg>
<doc>Returns a value from the given ``dictionary`` based on the given ``key``.</doc>
<status status="PASS" start="2024-03-10T06:41:35.733195" elapsed="0.000490"/>
</kw>
<kw name="Set Variable If" owner="BuiltIn">
<msg time="2024-03-10T06:41:35.734462" level="INFO">${final_endpoint} = https://serverest.dev</msg>
<var>${final_endpoint}</var>
<arg>'${endpoint_value}' != '${None}'</arg>
<arg>${endpoint_value}</arg>
<arg>${endpoint}</arg>
<doc>Sets variable based on the given condition.</doc>
<status status="PASS" start="2024-03-10T06:41:35.734011" elapsed="0.000494"/>
</kw>
<kw name="Set Variable If" owner="BuiltIn">
<msg time="2024-03-10T06:41:35.736113" level="INFO">${final_url} = https://serverest.dev/login</msg>
<var>${final_url}</var>
<arg>'${path}' != '${EMPTY}'</arg>
<arg>${final_endpoint}/${path}</arg>
<arg>${final_endpoint}</arg>
<doc>Sets variable based on the given condition.</doc>
<status status="PASS" start="2024-03-10T06:41:35.734780" elapsed="0.001386"/>
</kw>
<status status="PASS" start="2024-03-10T06:41:35.724753" elapsed="0.011505"/>
</branch>
<status status="PASS" start="2024-03-10T06:41:35.724706" elapsed="0.011607"/>
</if>
<return>
<value>${final_url}</value>
<status status="PASS" start="2024-03-10T06:41:35.736396" elapsed="0.000056"/>
</return>
<msg time="2024-03-10T06:41:35.736689" level="INFO">${url_endpoint} = https://serverest.dev/login</msg>
<var>${url_endpoint}</var>
<arg>${json_data["url"]}</arg>
<status status="PASS" start="2024-03-10T06:41:35.721686" elapsed="0.015045"/>
</kw>
<kw name="Run Keyword And Return Status" owner="BuiltIn">
<kw name="Dictionary Should Contain Key" owner="Collections">
<msg time="2024-03-10T06:41:35.737593" level="INFO">False</msg>
<msg time="2024-03-10T06:41:35.737730" level="FAIL">Dictionary does not contain key 'path'.</msg>
<arg>${json_data}</arg>
<arg>path</arg>
<doc>Fails if ``key`` is not found from ``dictionary``.</doc>
<status status="FAIL" start="2024-03-10T06:41:35.737294" elapsed="0.000572">Dictionary does not contain key 'path'.</status>
</kw>
<msg time="2024-03-10T06:41:35.738026" level="INFO">${path_string} = False</msg>
<var>${path_string}</var>
<arg>Dictionary Should Contain Key</arg>
<arg>${json_data}</arg>
<arg>path</arg>
<doc>Runs the given keyword with given arguments and returns the status as a Boolean value.</doc>
<status status="PASS" start="2024-03-10T06:41:35.736994" elapsed="0.001072"/>
</kw>
<if>
<branch type="IF" condition="${path_string}">
<kw name="Set Variable" owner="BuiltIn">
<var>${variable_name}</var>
<arg>${json_data["path"]}</arg>
<doc>Returns the given values which can then be assigned to a variables.</doc>
<status status="NOT RUN" start="2024-03-10T06:41:35.738567" elapsed="0.000044"/>
</kw>
<kw name="Get Variable Value" owner="BuiltIn">
<var>${value_found}</var>
<arg>${${variable_name}}</arg>
<doc>Returns variable value or ``default`` if the variable does not exist.</doc>
<status status="NOT RUN" start="2024-03-10T06:41:35.738870" elapsed="0.000034"/>
</kw>
<kw name="Set Variable" owner="BuiltIn">
<var>${url_endpoint}</var>
<arg>${url_endpoint}/${value_found[0]}</arg>
<doc>Returns the given values which can then be assigned to a variables.</doc>
<status status="NOT RUN" start="2024-03-10T06:41:35.739127" elapsed="0.000032"/>
</kw>
<status status="NOT RUN" start="2024-03-10T06:41:35.738216" elapsed="0.001008"/>
</branch>
<status status="PASS" start="2024-03-10T06:41:35.738180" elapsed="0.001087"/>
</if>
<kw name="Log To Console" owner="BuiltIn">
<arg>\n\n 🔰 request in: ${url_endpoint}\n</arg>
<doc>Logs the given message to the console.</doc>
<status status="PASS" start="2024-03-10T06:41:35.739482" elapsed="0.000344"/>
</kw>
<kw name="Run Keyword And Return Status" owner="BuiltIn">
<kw name="Dictionary Should Contain Key" owner="Collections">
<msg time="2024-03-10T06:41:35.740691" level="INFO">False</msg>
<msg time="2024-03-10T06:41:35.740817" level="FAIL">Dictionary does not contain key 'replace'.</msg>
<arg>${json_data}</arg>
<arg>replace</arg>
<doc>Fails if ``key`` is not found from ``dictionary``.</doc>
<status status="FAIL" start="2024-03-10T06:41:35.740404" elapsed="0.000523">Dictionary does not contain key 'replace'.</status>
</kw>
<msg time="2024-03-10T06:41:35.741128" level="INFO">${path_replace} = False</msg>
<var>${path_replace}</var>
<arg>Dictionary Should Contain Key</arg>
<arg>${json_data}</arg>
<arg>replace</arg>
<doc>Runs the given keyword with given arguments and returns the status as a Boolean value.</doc>
<status status="PASS" start="2024-03-10T06:41:35.740078" elapsed="0.001095"/>
</kw>
<kw name="Set Variable" owner="BuiltIn">
<msg time="2024-03-10T06:41:35.741785" level="INFO">${data} = False</msg>
<var>${data}</var>
<arg>False</arg>
<doc>Returns the given values which can then be assigned to a variables.</doc>
<status status="PASS" start="2024-03-10T06:41:35.741486" elapsed="0.000345"/>
</kw>
<if>
<branch type="IF" condition="${path_replace}">
<kw name="Set Variable" owner="BuiltIn">
<var>${path_value_replace}</var>
<arg>${json_data['replace']}</arg>
<doc>Returns the given values which can then be assigned to a variables.</doc>
<status status="NOT RUN" start="2024-03-10T06:41:35.742326" elapsed="0.000037"/>
</kw>
<kw name="Split String" owner="String">
<var>${itens}</var>
<arg>${path_value_replace}</arg>
<arg>,</arg>
<doc>Splits the ``string`` using ``separator`` as a delimiter string.</doc>
<status status="NOT RUN" start="2024-03-10T06:41:35.742594" elapsed="0.000033"/>
</kw>
<for flavor="IN">
<iter>
<kw name="Strip String" owner="String">
<var>${trim_value}</var>
<arg>${replace_val}</arg>
<doc>Remove leading and/or trailing whitespaces from the given string.</doc>
<status status="NOT RUN" start="2024-03-10T06:41:35.743384" elapsed="0.000047"/>
</kw>
<kw name="Get Variable Value" owner="BuiltIn">
<var>@{value_found}</var>
<arg>${${trim_value}}</arg>
<doc>Returns variable value or ``default`` if the variable does not exist.</doc>
<status status="NOT RUN" start="2024-03-10T06:41:35.743722" elapsed="0.000035"/>
</kw>
<kw name="Evaluate" owner="BuiltIn">
<var>${value_found}</var>
<arg>$value_found[0] if isinstance($value_found, list) and len($value_found) &gt; 0 else $value_found</arg>
<doc>Evaluates the given expression in Python and returns the result.</doc>
<status status="NOT RUN" start="2024-03-10T06:41:35.744002" elapsed="0.000034"/>
</kw>
<kw name="Evaluate" owner="BuiltIn">
<var>${is_list}</var>
<arg>isinstance($value_found, list)</arg>
<doc>Evaluates the given expression in Python and returns the result.</doc>
<status status="NOT RUN" start="2024-03-10T06:41:35.744267" elapsed="0.000034"/>
</kw>
<kw name="Set Variable If" owner="BuiltIn">
<var>${value_found}</var>
<arg>${is_list} and len($value_found) &gt; 0</arg>
<arg>${value_found[0]}</arg>
<arg>${value_found}</arg>
<doc>Sets variable based on the given condition.</doc>
<status status="NOT RUN" start="2024-03-10T06:41:35.744540" elapsed="0.000033"/>
</kw>
<if>
<branch type="IF" condition="not ${data}">
<kw name="Replace" owner="resources_keywords">
<var>${json_replace}</var>
<arg>${json_data}</arg>
<arg>${trim_value}</arg>
<arg>${value_found}</arg>
<status status="NOT RUN" start="2024-03-10T06:41:35.745040" elapsed="0.000049"/>
</kw>
<kw name="Set Variable" owner="BuiltIn">
<var>${data}</var>
<arg>True</arg>
<doc>Returns the given values which can then be assigned to a variables.</doc>
<status status="NOT RUN" start="2024-03-10T06:41:35.745380" elapsed="0.000049"/>
</kw>
<status status="NOT RUN" start="2024-03-10T06:41:35.744717" elapsed="0.000783"/>
</branch>
<branch type="ELSE">
<kw name="Evaluate" owner="BuiltIn">
<var>${converter_json}</var>
<arg>json.loads("""${json_replace}""")</arg>
<arg>json</arg>
<doc>Evaluates the given expression in Python and returns the result.</doc>
<status status="NOT RUN" start="2024-03-10T06:41:35.745790" elapsed="0.000032"/>
</kw>
<kw name="Replace" owner="resources_keywords">
<var>${json_replace}</var>
<arg>${converter_json}</arg>
<arg>${trim_value}</arg>
<arg>${value_found}</arg>
<status status="NOT RUN" start="2024-03-10T06:41:35.746243" elapsed="0.000041"/>
</kw>
<status status="NOT RUN" start="2024-03-10T06:41:35.745550" elapsed="0.000808"/>
</branch>
<status status="NOT RUN" start="2024-03-10T06:41:35.744686" elapsed="0.001713"/>
</if>
<var name="${replace_val}"/>
<status status="NOT RUN" start="2024-03-10T06:41:35.743177" elapsed="0.003272"/>
</iter>
<var>${replace_val}</var>
<value>@{itens}</value>
<status status="NOT RUN" start="2024-03-10T06:41:35.742797" elapsed="0.003704"/>
</for>
<kw name="Set Variable" owner="BuiltIn">
<var>${json_data}</var>
<arg>${json_replace}</arg>
<doc>Returns the given values which can then be assigned to a variables.</doc>
<status status="NOT RUN" start="2024-03-10T06:41:35.746725" elapsed="0.000044"/>
</kw>
<kw name="Evaluate" owner="BuiltIn">
<var>${json_data}</var>
<arg>json.loads("""${json_data}""")</arg>
<arg>json</arg>
<doc>Evaluates the given expression in Python and returns the result.</doc>
<status status="NOT RUN" start="2024-03-10T06:41:35.747006" elapsed="0.000033"/>
</kw>
<status status="NOT RUN" start="2024-03-10T06:41:35.741986" elapsed="0.005123"/>
</branch>
<status status="PASS" start="2024-03-10T06:41:35.741950" elapsed="0.005202"/>
</if>
<kw name="Get From Dictionary" owner="Collections">
<msg time="2024-03-10T06:41:35.747916" level="INFO">${body} = {'email': 'fulano@qa.com', 'password': 'teste'}</msg>
<var>${body}</var>
<arg>${json_data}</arg>
<arg>body</arg>
<arg>${None}</arg>
<doc>Returns a value from the given ``dictionary`` based on the given ``key``.</doc>
<status status="PASS" start="2024-03-10T06:41:35.747359" elapsed="0.000602"/>
</kw>
<kw name="Get From Dictionary" owner="Collections">
<msg time="2024-03-10T06:41:35.748649" level="INFO">${headers} = None</msg>
<var>${headers}</var>
<arg>${json_data}</arg>
<arg>headers</arg>
<arg>${None}</arg>
<doc>Returns a value from the given ``dictionary`` based on the given ``key``.</doc>
<status status="PASS" start="2024-03-10T06:41:35.748240" elapsed="0.000461"/>
</kw>
<kw name="Get From Dictionary" owner="Collections">
<msg time="2024-03-10T06:41:35.749706" level="INFO">${params} = None</msg>
<var>${params}</var>
<arg>${json_data}</arg>
<arg>params</arg>
<arg>${None}</arg>
<doc>Returns a value from the given ``dictionary`` based on the given ``key``.</doc>
<status status="PASS" start="2024-03-10T06:41:35.749153" elapsed="0.000604"/>
</kw>
<kw name="Get From Dictionary" owner="Collections">
<msg time="2024-03-10T06:41:35.750504" level="INFO">${method} = None</msg>
<var>${method}</var>
<arg>${json_data}</arg>
<arg>method</arg>
<arg>${None}</arg>
<doc>Returns a value from the given ``dictionary`` based on the given ``key``.</doc>
<status status="PASS" start="2024-03-10T06:41:35.750045" elapsed="0.000503"/>
</kw>
<kw name="Run Keyword And Return Status" owner="BuiltIn">
<kw name="Should Contain" owner="BuiltIn">
<msg time="2024-03-10T06:41:35.751951" level="FAIL">'../jsons/post_token' does not contain 'get'</msg>
<arg>${json}</arg>
<arg>get</arg>
<arg>ignore_case=${True}</arg>
<doc>Fails if ``container`` does not contain ``item`` one or more times.</doc>
<status status="FAIL" start="2024-03-10T06:41:35.751259" elapsed="0.000867">'../jsons/post_token' does not contain 'get'</status>
</kw>
<msg time="2024-03-10T06:41:35.752322" level="INFO">${name_file_get} = False</msg>
<var>${name_file_get}</var>
<arg>Should Contain</arg>
<arg>${json}</arg>
<arg>get</arg>
<arg>ignore_case=${True}</arg>
<doc>Runs the given keyword with given arguments and returns the status as a Boolean value.</doc>
<status status="PASS" start="2024-03-10T06:41:35.750824" elapsed="0.001540"/>
</kw>
<kw name="Run Keyword And Return Status" owner="BuiltIn">
<kw name="Should Contain" owner="BuiltIn">
<arg>${json}</arg>
<arg>post</arg>
<arg>ignore_case=${True}</arg>
<doc>Fails if ``container`` does not contain ``item`` one or more times.</doc>
<status status="PASS" start="2024-03-10T06:41:35.754471" elapsed="0.000478"/>
</kw>
<msg time="2024-03-10T06:41:35.755142" level="INFO">${name_file_post} = True</msg>
<var>${name_file_post}</var>
<arg>Should Contain</arg>
<arg>${json}</arg>
<arg>post</arg>
<arg>ignore_case=${True}</arg>
<doc>Runs the given keyword with given arguments and returns the status as a Boolean value.</doc>
<status status="PASS" start="2024-03-10T06:41:35.753977" elapsed="0.001209"/>
</kw>
<kw name="Run Keyword If" owner="BuiltIn">
<arg>${log}</arg>
<arg>Parse_JSON</arg>
<arg>${json_data}</arg>
<doc>Runs the given keyword with the given arguments, if ``condition`` is true.</doc>
<status status="PASS" start="2024-03-10T06:41:35.755471" elapsed="0.000260"/>
</kw>
<kw name="Run Keyword If" owner="BuiltIn">
<kw name="Request_post" owner="keywords_requests">
<kw name="Evaluate" owner="BuiltIn">
<arg>urllib3.disable_warnings(urllib3.exceptions.InsecureRequestWarning)</arg>
<arg>modules=urllib3</arg>
<doc>Evaluates the given expression in Python and returns the result.</doc>
<status status="PASS" start="2024-03-10T06:41:35.757796" elapsed="0.000518"/>
</kw>
<kw name="Create Session" owner="RequestsLibrary">
<msg time="2024-03-10T06:41:35.759134" level="INFO">Creating Session using : alias=MySessionAlias, url=https://serverest.dev/login, headers={},                     cookies={}, auth=None, timeout=None, proxies=None, verify=False,                     debug=0 </msg>
<msg time="2024-03-10T06:41:35.759604" level="INFO">${session_name} = &lt;requests.sessions.Session object at 0x10a248190&gt;</msg>
<var>${session_name}</var>
<arg>alias=MySessionAlias</arg>
<arg>url=${url}</arg>
<arg>verify=False</arg>
<doc>Create Session: create a HTTP session to a server</doc>
<status status="PASS" start="2024-03-10T06:41:35.758666" elapsed="0.001025"/>
</kw>
<kw name="POST On Session" owner="RequestsLibrary">
<msg time="2024-03-10T06:41:36.428537" level="INFO">POST Request : url=https://serverest.dev/login 
 path_url=/login 
 headers={'User-Agent': 'python-requests/2.31.0', 'Accept-Encoding': 'gzip, deflate', 'Accept': '*/*', 'Connection': 'keep-alive', 'Content-Length': '36', 'Content-Type': 'application/x-www-form-urlencoded'} 
 body=email=fulano%40qa.com&amp;password=teste 
 </msg>
<msg time="2024-03-10T06:41:36.428694" level="INFO">POST Response : url=https://serverest.dev/login 
 status=200, reason=OK 
 headers={'access-control-allow-origin': '*', 'x-dns-prefetch-control': 'off', 'x-frame-options': 'SAMEORIGIN', 'strict-transport-security': 'max-age=15552000; includeSubDomains', 'x-download-options': 'noopen', 'x-content-type-options': 'nosniff', 'x-xss-protection': '1; mode=block', 'content-type': 'application/json; charset=utf-8', 'X-Cloud-Trace-Context': '40795fc42e26794975cabdd66d358b85;o=1', 'Date': 'Sun, 10 Mar 2024 09:41:37 GMT', 'Server': 'Google Frontend', 'Content-Length': '265'} 
 body={
    "message": "Login realizado com sucesso",
    "authorization": "Bearer eyJhbGciOiJIUzI1NiIsInR5cCI6IkpXVCJ9.eyJlbWFpbCI6ImZ1bGFub0BxYS5jb20iLCJwYXNzd29yZCI6InRlc3RlIiwiaWF0IjoxNzEwMDYzNjk3LCJleHAiOjE3MTAwNjQyOTd9.hdXpRf6zdMIEa81_YYmF368104wz_me1_-lk-CwGDkM"
} 
 </msg>
<msg time="2024-03-10T06:41:36.428944" level="INFO">${response} = &lt;Response [200]&gt;</msg>
<var>${response}</var>
<arg>MySessionAlias</arg>
<arg>url=</arg>
<arg>data=${body}</arg>
<arg>headers=${headers}</arg>
<arg>params=${params}</arg>
<doc>Sends a POST request on a previously created HTTP Session.</doc>
<status status="PASS" start="2024-03-10T06:41:35.760031" elapsed="0.668959"/>
</kw>
<kw name="Run Keyword If" owner="BuiltIn">
<arg>${log}</arg>
<arg>Log Response JSON</arg>
<arg>${response}</arg>
<doc>Runs the given keyword with the given arguments, if ``condition`` is true.</doc>
<status status="PASS" start="2024-03-10T06:41:36.429366" elapsed="0.000320"/>
</kw>
<return>
<value>${response}</value>
<status status="PASS" start="2024-03-10T06:41:36.429792" elapsed="0.000059"/>
</return>
<arg>${url_endpoint}</arg>
<arg>${body}</arg>
<arg>${headers}</arg>
<arg>${params}</arg>
<arg>${log}</arg>
<status status="PASS" start="2024-03-10T06:41:35.756622" elapsed="0.673523"/>
</kw>
<msg time="2024-03-10T06:41:36.430308" level="INFO">${response} = &lt;Response [200]&gt;</msg>
<var>${response}</var>
<arg>${name_file_get}</arg>
<arg>Request_get</arg>
<arg>${url_endpoint}</arg>
<arg>${log}</arg>
<arg>ELSE IF</arg>
<arg>${name_file_post}</arg>
<arg>Request_post</arg>
<arg>${url_endpoint}</arg>
<arg>${body}</arg>
<arg>${headers}</arg>
<arg>${params}</arg>
<arg>${log}</arg>
<arg>ELSE IF</arg>
<arg>'${method}' == 'GET'</arg>
<arg>Request_get</arg>
<arg>${url_endpoint}</arg>
<arg>${log}</arg>
<arg>ELSE IF</arg>
<arg>'${method}' == 'POST'</arg>
<arg>Request_post</arg>
<arg>${url_endpoint}</arg>
<arg>${body}</arg>
<arg>${headers}</arg>
<arg>${params}</arg>
<arg>${log}</arg>
<doc>Runs the given keyword with the given arguments, if ``condition`` is true.</doc>
<status status="PASS" start="2024-03-10T06:41:35.755990" elapsed="0.674360"/>
</kw>
<kw name="Run Keyword And Return Status" owner="BuiltIn">
<kw name="Dictionary Should Contain Key" owner="Collections">
<msg time="2024-03-10T06:41:36.431302" level="INFO">False</msg>
<arg>${json_data}</arg>
<arg>status</arg>
<doc>Fails if ``key`` is not found from ``dictionary``.</doc>
<status status="PASS" start="2024-03-10T06:41:36.431032" elapsed="0.000338"/>
</kw>
<msg time="2024-03-10T06:41:36.431588" level="INFO">${has_status} = True</msg>
<var>${has_status}</var>
<arg>Dictionary Should Contain Key</arg>
<arg>${json_data}</arg>
<arg>status</arg>
<doc>Runs the given keyword with given arguments and returns the status as a Boolean value.</doc>
<status status="PASS" start="2024-03-10T06:41:36.430734" elapsed="0.000898"/>
</kw>
<if>
<branch type="IF" condition="${has_status}">
<kw name="Set Variable" owner="BuiltIn">
<msg time="2024-03-10T06:41:36.433056" level="INFO">${variable_name} = 200</msg>
<var>${variable_name}</var>
<arg>${json_data["status"]}</arg>
<doc>Returns the given values which can then be assigned to a variables.</doc>
<status status="PASS" start="2024-03-10T06:41:36.432099" elapsed="0.001002"/>
</kw>
<kw name="Should Be Equal As Numbers" owner="BuiltIn">
<arg>${response.status_code}</arg>
<arg>${variable_name}</arg>
<doc>Fails if objects are unequal after converting them to real numbers.</doc>
<status status="PASS" start="2024-03-10T06:41:36.433357" elapsed="0.001131"/>
</kw>
<kw name="Log To Console" owner="BuiltIn">
<arg>\n ✅ [̳ EXPECT ]̳ status equal ${response.status_code}\n</arg>
<doc>Logs the given message to the console.</doc>
<status status="PASS" start="2024-03-10T06:41:36.434776" elapsed="0.001026"/>
</kw>
<status status="PASS" start="2024-03-10T06:41:36.431786" elapsed="0.004089"/>
</branch>
<status status="PASS" start="2024-03-10T06:41:36.431754" elapsed="0.004173"/>
</if>
<kw name="Run Keyword And Return Status" owner="BuiltIn">
<kw name="Dictionary Should Contain Key" owner="Collections">
<msg time="2024-03-10T06:41:36.436751" level="INFO">False</msg>
<msg time="2024-03-10T06:41:36.436883" level="FAIL">Dictionary does not contain key 'expect'.</msg>
<arg>${json_data}</arg>
<arg>expect</arg>
<doc>Fails if ``key`` is not found from ``dictionary``.</doc>
<status status="FAIL" start="2024-03-10T06:41:36.436479" elapsed="0.000513">Dictionary does not contain key 'expect'.</status>
</kw>
<msg time="2024-03-10T06:41:36.437160" level="INFO">${has_expect} = False</msg>
<var>${has_expect}</var>
<arg>Dictionary Should Contain Key</arg>
<arg>${json_data}</arg>
<arg>expect</arg>
<doc>Runs the given keyword with given arguments and returns the status as a Boolean value.</doc>
<status status="PASS" start="2024-03-10T06:41:36.436171" elapsed="0.001029"/>
</kw>
<kw name="Run Keyword If" owner="BuiltIn">
<arg>${has_expect}</arg>
<arg>Validate Expectations</arg>
<arg>${response}</arg>
<arg>${json_data['expect']}</arg>
<doc>Runs the given keyword with the given arguments, if ``condition`` is true.</doc>
<status status="PASS" start="2024-03-10T06:41:36.437495" elapsed="0.000206"/>
</kw>
<kw name="Run Keyword And Return Status" owner="BuiltIn">
<kw name="Dictionary Should Contain Key" owner="Collections">
<msg time="2024-03-10T06:41:36.438506" level="INFO">False</msg>
<arg>${json_data}</arg>
<arg>save</arg>
<doc>Fails if ``key`` is not found from ``dictionary``.</doc>
<status status="PASS" start="2024-03-10T06:41:36.438260" elapsed="0.000312"/>
</kw>
<msg time="2024-03-10T06:41:36.438721" level="INFO">${has_save} = True</msg>
<var>${has_save}</var>
<arg>Dictionary Should Contain Key</arg>
<arg>${json_data}</arg>
<arg>save</arg>
<doc>Runs the given keyword with given arguments and returns the status as a Boolean value.</doc>
<status status="PASS" start="2024-03-10T06:41:36.437960" elapsed="0.000801"/>
</kw>
<if>
<branch type="IF" condition="${has_save}">
<for flavor="IN">
<iter>
<kw name="Find In Json" owner="readJson">
<msg time="2024-03-10T06:41:36.442135" level="INFO">${results} = ['Bearer eyJhbGciOiJIUzI1NiIsInR5cCI6IkpXVCJ9.eyJlbWFpbCI6ImZ1bGFub0BxYS5jb20iLCJwYXNzd29yZCI6InRlc3RlIiwiaWF0IjoxNzEwMDYzNjk3LCJleHAiOjE3MTAwNjQyOTd9.hdXpRf6zdMIEa81_YYmF368104wz_me1_-lk-CwGDkM']</msg>
<var>${results}</var>
<arg>${response.json()}</arg>
<arg>${item['path']}</arg>
<status status="PASS" start="2024-03-10T06:41:36.440222" elapsed="0.001974"/>
</kw>
<kw name="Set Variable If" owner="BuiltIn">
<msg time="2024-03-10T06:41:36.445031" level="INFO">${val} = token</msg>
<var>${val}</var>
<arg>${item.get('as', ${None})}</arg>
<arg>${item.get('as', ${None})}</arg>
<arg>${item['path']}</arg>
<doc>Sets variable based on the given condition.</doc>
<status status="PASS" start="2024-03-10T06:41:36.442547" elapsed="0.002549"/>
</kw>
<kw name="Run Keyword If" owner="BuiltIn">
<kw name="Save" owner="resources_keywords">
<kw name="Set Variable If" owner="BuiltIn">
<msg time="2024-03-10T06:41:36.448162" level="INFO">${val} = token</msg>
<var>${val}</var>
<arg>'${as}' != '${None}'</arg>
<arg>${as}</arg>
<arg>${path}</arg>
<doc>Sets variable based on the given condition.</doc>
<status status="PASS" start="2024-03-10T06:41:36.447579" elapsed="0.000641"/>
</kw>
<kw name="Evaluate" owner="BuiltIn">
<msg time="2024-03-10T06:41:36.454969" level="INFO">${is_list} = True</msg>
<var>${is_list}</var>
<arg>isinstance($values, list)</arg>
<doc>Evaluates the given expression in Python and returns the result.</doc>
<status status="PASS" start="2024-03-10T06:41:36.448617" elapsed="0.006417"/>
</kw>
<kw name="Set Variable If" owner="BuiltIn">
<msg time="2024-03-10T06:41:36.456533" level="INFO">${value_found} = Bearer eyJhbGciOiJIUzI1NiIsInR5cCI6IkpXVCJ9.eyJlbWFpbCI6ImZ1bGFub0BxYS5jb20iLCJwYXNzd29yZCI6InRlc3RlIiwiaWF0IjoxNzEwMDYzNjk3LCJleHAiOjE3MTAwNjQyOTd9.hdXpRf6zdMIEa81_YYmF368104wz_me1_-lk-CwGDkM</msg>
<var>${value_found}</var>
<arg>${is_list} and len($values) &gt; 0</arg>
<arg>${values[0]}</arg>
<arg>${values}</arg>
<doc>Sets variable based on the given condition.</doc>
<status status="PASS" start="2024-03-10T06:41:36.455374" elapsed="0.001203"/>
</kw>
<kw name="Evaluate" owner="BuiltIn">
<msg time="2024-03-10T06:41:36.457223" level="INFO">${continuo_list} = False</msg>
<var>${continuo_list}</var>
<arg>isinstance($value_found, list)</arg>
<doc>Evaluates the given expression in Python and returns the result.</doc>
<status status="PASS" start="2024-03-10T06:41:36.456823" elapsed="0.000442"/>
</kw>
<if>
<branch type="IF" condition="${continuo_list}">
<kw name="Set Variable" owner="BuiltIn">
<var>${value_found}</var>
<arg>${value_found[0]}</arg>
<doc>Returns the given values which can then be assigned to a variables.</doc>
<status status="NOT RUN" start="2024-03-10T06:41:36.457720" elapsed="0.000036"/>
</kw>
<status status="NOT RUN" start="2024-03-10T06:41:36.457402" elapsed="0.000422"/>
</branch>
<status status="PASS" start="2024-03-10T06:41:36.457369" elapsed="0.000503"/>
</if>
<kw name="Set Global Variable" owner="BuiltIn">
<msg time="2024-03-10T06:41:36.460161" level="INFO">@{token} = [ Bearer eyJhbGciOiJIUzI1NiIsInR5cCI6IkpXVCJ9.eyJlbWFpbCI6ImZ1bGFub0BxYS5jb20iLCJwYXNzd29yZCI6InRlc3RlIiwiaWF0IjoxNzEwMDYzNjk3LCJleHAiOjE3MTAwNjQyOTd9.hdXpRf6zdMIEa81_YYmF368104wz_me1_-lk-CwGDkM ]</msg>
<arg>@{${val}}</arg>
<arg>${value_found}</arg>
<doc>Makes a variable available globally in all tests and suites.</doc>
<status status="PASS" start="2024-03-10T06:41:36.458153" elapsed="0.002256"/>
</kw>
<kw name="Log To Console" owner="BuiltIn">
<arg>\n 🔵 SAVED value for path: [ ${val} ] and value: ${value_found} \n</arg>
<doc>Logs the given message to the console.</doc>
<status status="PASS" start="2024-03-10T06:41:36.460779" elapsed="0.000463"/>
</kw>
<arg>${val}</arg>
<arg>${results}</arg>
<status status="PASS" start="2024-03-10T06:41:36.446472" elapsed="0.014890"/>
</kw>
<arg>len(${results}) &gt; 0</arg>
<arg>Save</arg>
<arg>${val}</arg>
<arg>${results}</arg>
<doc>Runs the given keyword with the given arguments, if ``condition`` is true.</doc>
<status status="PASS" start="2024-03-10T06:41:36.445547" elapsed="0.015907"/>
</kw>
<var name="${item}">{'path': 'authorization', 'as': 'token'}</var>
<status status="PASS" start="2024-03-10T06:41:36.440016" elapsed="0.021520"/>
</iter>
<var>${item}</var>
<value>@{json_data['save']}</value>
<status status="PASS" start="2024-03-10T06:41:36.439065" elapsed="0.022535"/>
</for>
<status status="PASS" start="2024-03-10T06:41:36.438908" elapsed="0.022758"/>
</branch>
<status status="PASS" start="2024-03-10T06:41:36.438876" elapsed="0.022837"/>
</if>
<return>
<value>${response}</value>
<status status="PASS" start="2024-03-10T06:41:36.461792" elapsed="0.000054"/>
</return>
<msg time="2024-03-10T06:41:36.462101" level="INFO">${response} = &lt;Response [200]&gt;</msg>
<var>${response}</var>
<arg>../jsons/post_token</arg>
<status status="PASS" start="2024-03-10T06:41:35.713136" elapsed="0.749036"/>
</kw>
<status status="PASS" start="2024-03-10T06:41:35.710659" elapsed="0.751819"/>
</test>
<test id="s1-s1-t2" name="Test - Generate new users" line="10">
<kw name="Name" owner="FakerLibrary">
<msg time="2024-03-10T06:41:36.464593" level="INFO">${name} = Cheyenne Keith</msg>
<var>${name}</var>
<doc>:example: 'John Doe'</doc>
<status status="PASS" start="2024-03-10T06:41:36.463838" elapsed="0.000844"/>
</kw>
<kw name="Save" owner="resources_keywords">
<kw name="Set Variable If" owner="BuiltIn">
<msg time="2024-03-10T06:41:36.466707" level="INFO">${val} = faker_name</msg>
<var>${val}</var>
<arg>'${as}' != '${None}'</arg>
<arg>${as}</arg>
<arg>${path}</arg>
<doc>Sets variable based on the given condition.</doc>
<status status="PASS" start="2024-03-10T06:41:36.466214" elapsed="0.000547"/>
</kw>
<kw name="Evaluate" owner="BuiltIn">
<msg time="2024-03-10T06:41:36.467553" level="INFO">${is_list} = False</msg>
<var>${is_list}</var>
<arg>isinstance($values, list)</arg>
<doc>Evaluates the given expression in Python and returns the result.</doc>
<status status="PASS" start="2024-03-10T06:41:36.467056" elapsed="0.000546"/>
</kw>
<kw name="Set Variable If" owner="BuiltIn">
<msg time="2024-03-10T06:41:36.468784" level="INFO">${value_found} = Cheyenne Keith</msg>
<var>${value_found}</var>
<arg>${is_list} and len($values) &gt; 0</arg>
<arg>${values[0]}</arg>
<arg>${values}</arg>
<doc>Sets variable based on the given condition.</doc>
<status status="PASS" start="2024-03-10T06:41:36.467885" elapsed="0.000959"/>
</kw>
<kw name="Evaluate" owner="BuiltIn">
<msg time="2024-03-10T06:41:36.469624" level="INFO">${continuo_list} = False</msg>
<var>${continuo_list}</var>
<arg>isinstance($value_found, list)</arg>
<doc>Evaluates the given expression in Python and returns the result.</doc>
<status status="PASS" start="2024-03-10T06:41:36.469168" elapsed="0.000500"/>
</kw>
<if>
<branch type="IF" condition="${continuo_list}">
<kw name="Set Variable" owner="BuiltIn">
<var>${value_found}</var>
<arg>${value_found[0]}</arg>
<doc>Returns the given values which can then be assigned to a variables.</doc>
<status status="NOT RUN" start="2024-03-10T06:41:36.470126" elapsed="0.000034"/>
</kw>
<status status="NOT RUN" start="2024-03-10T06:41:36.469815" elapsed="0.000414"/>
</branch>
<status status="PASS" start="2024-03-10T06:41:36.469780" elapsed="0.000497"/>
</if>
<kw name="Set Global Variable" owner="BuiltIn">
<msg time="2024-03-10T06:41:36.471960" level="INFO">@{faker_name} = [ Cheyenne Keith ]</msg>
<arg>@{${val}}</arg>
<arg>${value_found}</arg>
<doc>Makes a variable available globally in all tests and suites.</doc>
<status status="PASS" start="2024-03-10T06:41:36.470495" elapsed="0.001571"/>
</kw>
<kw name="Log To Console" owner="BuiltIn">
<arg>\n 🔵 SAVED value for path: [ ${val} ] and value: ${value_found} \n</arg>
<doc>Logs the given message to the console.</doc>
<status status="PASS" start="2024-03-10T06:41:36.472366" elapsed="0.000435"/>
</kw>
<arg>faker_name</arg>
<arg>${name}</arg>
<status status="PASS" start="2024-03-10T06:41:36.465354" elapsed="0.007566"/>
</kw>
<kw name="Email" owner="FakerLibrary">
<msg time="2024-03-10T06:41:36.473729" level="INFO">${email} = dawn44@example.org</msg>
<var>${email}</var>
<status status="PASS" start="2024-03-10T06:41:36.473216" elapsed="0.000564"/>
</kw>
<kw name="Save" owner="resources_keywords">
<kw name="Set Variable If" owner="BuiltIn">
<msg time="2024-03-10T06:41:36.475923" level="INFO">${val} = faker_email</msg>
<var>${val}</var>
<arg>'${as}' != '${None}'</arg>
<arg>${as}</arg>
<arg>${path}</arg>
<doc>Sets variable based on the given condition.</doc>
<status status="PASS" start="2024-03-10T06:41:36.475325" elapsed="0.000660"/>
</kw>
<kw name="Evaluate" owner="BuiltIn">
<msg time="2024-03-10T06:41:36.476902" level="INFO">${is_list} = False</msg>
<var>${is_list}</var>
<arg>isinstance($values, list)</arg>
<doc>Evaluates the given expression in Python and returns the result.</doc>
<status status="PASS" start="2024-03-10T06:41:36.476333" elapsed="0.000623"/>
</kw>
<kw name="Set Variable If" owner="BuiltIn">
<msg time="2024-03-10T06:41:36.477811" level="INFO">${value_found} = dawn44@example.org</msg>
<var>${value_found}</var>
<arg>${is_list} and len($values) &gt; 0</arg>
<arg>${values[0]}</arg>
<arg>${values}</arg>
<doc>Sets variable based on the given condition.</doc>
<status status="PASS" start="2024-03-10T06:41:36.477262" elapsed="0.000593"/>
</kw>
<kw name="Evaluate" owner="BuiltIn">
<msg time="2024-03-10T06:41:36.478548" level="INFO">${continuo_list} = False</msg>
<var>${continuo_list}</var>
<arg>isinstance($value_found, list)</arg>
<doc>Evaluates the given expression in Python and returns the result.</doc>
<status status="PASS" start="2024-03-10T06:41:36.478115" elapsed="0.000487"/>
</kw>
<if>
<branch type="IF" condition="${continuo_list}">
<kw name="Set Variable" owner="BuiltIn">
<var>${value_found}</var>
<arg>${value_found[0]}</arg>
<doc>Returns the given values which can then be assigned to a variables.</doc>
<status status="NOT RUN" start="2024-03-10T06:41:36.479161" elapsed="0.000039"/>
</kw>
<status status="NOT RUN" start="2024-03-10T06:41:36.478821" elapsed="0.000456"/>
</branch>
<status status="PASS" start="2024-03-10T06:41:36.478779" elapsed="0.000548"/>
</if>
<kw name="Set Global Variable" owner="BuiltIn">
<msg time="2024-03-10T06:41:36.483037" level="INFO">@{faker_email} = [ dawn44@example.org ]</msg>
<arg>@{${val}}</arg>
<arg>${value_found}</arg>
<doc>Makes a variable available globally in all tests and suites.</doc>
<status status="PASS" start="2024-03-10T06:41:36.479597" elapsed="0.003567"/>
</kw>
<kw name="Log To Console" owner="BuiltIn">
<arg>\n 🔵 SAVED value for path: [ ${val} ] and value: ${value_found} \n</arg>
<doc>Logs the given message to the console.</doc>
<status status="PASS" start="2024-03-10T06:41:36.483491" elapsed="0.000469"/>
</kw>
<arg>faker_email</arg>
<arg>${email}</arg>
<status status="PASS" start="2024-03-10T06:41:36.474335" elapsed="0.009750"/>
</kw>
<kw name="Request" owner="resources_keywords">
<kw name="Run Keyword If" owner="BuiltIn">
<kw name="Load JSON Data" owner="resources_keywords">
<kw name="Get File" owner="OperatingSystem">
<msg time="2024-03-10T06:41:36.489082" level="INFO" html="true">Getting file '&lt;a href="file:///Users/usuario/Documents/robot-framework/jsons/post_new_user.json"&gt;/Users/usuario/Documents/robot-framework/jsons/post_new_user.json&lt;/a&gt;'.</msg>
<msg time="2024-03-10T06:41:36.489396" level="INFO">${json_content} = {
	"status": 201,
	"url": "serverest/usuarios",
	"replace": "faker_name, faker_email, token",
	"headers":{
		"Authorization": "token"
	},
	"body":{
		"nome": "faker_name",
		"email": "faker_email",
		...</msg>
<var>${json_content}</var>
<arg>${json_file_path}</arg>
<doc>Returns the contents of a specified file.</doc>
<status status="PASS" start="2024-03-10T06:41:36.488672" elapsed="0.000877"/>
</kw>
<kw name="Evaluate" owner="BuiltIn">
<msg time="2024-03-10T06:41:36.490266" level="INFO">${json_data} = {'status': 201, 'url': 'serverest/usuarios', 'replace': 'faker_name, faker_email, token', 'headers': {'Authorization': 'token'}, 'body': {'nome': 'faker_name', 'email': 'faker_email', 'password': 'tes...</msg>
<var>${json_data}</var>
<arg>json.loads("""${json_content}""")</arg>
<arg>json</arg>
<doc>Evaluates the given expression in Python and returns the result.</doc>
<status status="PASS" start="2024-03-10T06:41:36.489808" elapsed="0.000503"/>
</kw>
<return>
<value>${json_data}</value>
<status status="PASS" start="2024-03-10T06:41:36.490411" elapsed="0.000054"/>
</return>
<arg>${json}.json</arg>
<status status="PASS" start="2024-03-10T06:41:36.488070" elapsed="0.002573"/>
</kw>
<msg time="2024-03-10T06:41:36.490785" level="INFO">${json_data} = {'status': 201, 'url': 'serverest/usuarios', 'replace': 'faker_name, faker_email, token', 'headers': {'Authorization': 'token'}, 'body': {'nome': 'faker_name', 'email': 'faker_email', 'password': 'tes...</msg>
<var>${json_data}</var>
<arg>'${json.__class__.__name__}' == 'str'</arg>
<arg>Load JSON Data</arg>
<arg>${json}.json</arg>
<arg>ELSE</arg>
<arg>Set Variable</arg>
<arg>${json}</arg>
<doc>Runs the given keyword with the given arguments, if ``condition`` is true.</doc>
<status status="PASS" start="2024-03-10T06:41:36.486870" elapsed="0.003957"/>
</kw>
<kw name="Process URL" owner="keywords_requests">
<kw name="Set Variable" owner="BuiltIn">
<msg time="2024-03-10T06:41:36.493237" level="INFO">${final_url} = serverest/usuarios</msg>
<var>${final_url}</var>
<arg>${url}</arg>
<doc>Returns the given values which can then be assigned to a variables.</doc>
<status status="PASS" start="2024-03-10T06:41:36.492886" elapsed="0.000404"/>
</kw>
<kw name="Run Keyword And Return Status" owner="BuiltIn">
<kw name="Should Not Start With" owner="BuiltIn">
<arg>${url}</arg>
<arg>http</arg>
<doc>Fails if the string ``str1`` starts with the string ``str2``.</doc>
<status status="PASS" start="2024-03-10T06:41:36.493883" elapsed="0.000280"/>
</kw>
<msg time="2024-03-10T06:41:36.494323" level="INFO">${protocol_not_http} = True</msg>
<var>${protocol_not_http}</var>
<arg>Should Not Start With</arg>
<arg>${url}</arg>
<arg>http</arg>
<doc>Runs the given keyword with given arguments and returns the status as a Boolean value.</doc>
<status status="PASS" start="2024-03-10T06:41:36.493570" elapsed="0.000793"/>
</kw>
<if>
<branch type="IF" condition="${protocol_not_http}">
<kw name="Run Keyword And Return Status" owner="BuiltIn">
<kw name="Should Contain" owner="BuiltIn">
<arg>${url}</arg>
<arg>/</arg>
<doc>Fails if ``container`` does not contain ``item`` one or more times.</doc>
<status status="PASS" start="2024-03-10T06:41:36.495120" elapsed="0.000244"/>
</kw>
<msg time="2024-03-10T06:41:36.495520" level="INFO">${contains_slash} = True</msg>
<var>${contains_slash}</var>
<arg>Should Contain</arg>
<arg>${url}</arg>
<arg>/</arg>
<doc>Runs the given keyword with given arguments and returns the status as a Boolean value.</doc>
<status status="PASS" start="2024-03-10T06:41:36.494818" elapsed="0.000744"/>
</kw>
<if>
<branch type="IF" condition="${contains_slash}">
<kw name="Evaluate" owner="BuiltIn">
<msg time="2024-03-10T06:41:36.496594" level="INFO">${parts} = ['serverest', 'usuarios']</msg>
<var>${parts}</var>
<arg>'${url}'.split('/')</arg>
<arg>json</arg>
<doc>Evaluates the given expression in Python and returns the result.</doc>
<status status="PASS" start="2024-03-10T06:41:36.496006" elapsed="0.000644"/>
</kw>
<kw name="Set Variable" owner="BuiltIn">
<msg time="2024-03-10T06:41:36.497429" level="INFO">${endpoint} = serverest</msg>
<var>${endpoint}</var>
<arg>${parts}[0]</arg>
<doc>Returns the given values which can then be assigned to a variables.</doc>
<status status="PASS" start="2024-03-10T06:41:36.496944" elapsed="0.000537"/>
</kw>
<kw name="Evaluate" owner="BuiltIn">
<msg time="2024-03-10T06:41:36.498224" level="INFO">${path} = usuarios</msg>
<var>${path}</var>
<arg>'/'.join(${parts}[1:])</arg>
<arg>json</arg>
<doc>Evaluates the given expression in Python and returns the result.</doc>
<status status="PASS" start="2024-03-10T06:41:36.497759" elapsed="0.000509"/>
</kw>
<status status="PASS" start="2024-03-10T06:41:36.495702" elapsed="0.002642"/>
</branch>
<branch type="ELSE">
<kw name="Set Variable" owner="BuiltIn">
<var>${endpoint}</var>
<arg>${url}</arg>
<doc>Returns the given values which can then be assigned to a variables.</doc>
<status status="NOT RUN" start="2024-03-10T06:41:36.498628" elapsed="0.000034"/>
</kw>
<kw name="Set Variable" owner="BuiltIn">
<var>${path}</var>
<arg>${EMPTY}</arg>
<doc>Returns the given values which can then be assigned to a variables.</doc>
<status status="NOT RUN" start="2024-03-10T06:41:36.498888" elapsed="0.000032"/>
</kw>
<status status="NOT RUN" start="2024-03-10T06:41:36.498400" elapsed="0.000584"/>
</branch>
<status status="PASS" start="2024-03-10T06:41:36.495672" elapsed="0.003353"/>
</if>
<kw name="Get File" owner="OperatingSystem">
<msg time="2024-03-10T06:41:36.499652" level="INFO" html="true">Getting file '&lt;a href="file:///Users/usuario/Documents/robot-framework/config/env.json"&gt;/Users/usuario/Documents/robot-framework/config/env.json&lt;/a&gt;'.</msg>
<msg time="2024-03-10T06:41:36.499941" level="INFO">${file_content} = {
	"env": "QA",
	"QA": {
	  "users": "https://reqres.in/api/users/2",
	  "restcountries": "https://restcountries.com/v3.1/translation/germany",
	  "users_base":"https://reqres.in/api/users",
	  "serve...</msg>
<var>${file_content}</var>
<arg>${file_path}</arg>
<doc>Returns the contents of a specified file.</doc>
<status status="PASS" start="2024-03-10T06:41:36.499234" elapsed="0.000752"/>
</kw>
<kw name="Evaluate" owner="BuiltIn">
<msg time="2024-03-10T06:41:36.500711" level="INFO">${json_data} = {'env': 'QA', 'QA': {'users': 'https://reqres.in/api/users/2', 'restcountries': 'https://restcountries.com/v3.1/translation/germany', 'users_base': 'https://reqres.in/api/users', 'serverest': 'https:/...</msg>
<var>${json_data}</var>
<arg>json.loads("""${file_content}""")</arg>
<arg>json</arg>
<doc>Evaluates the given expression in Python and returns the result.</doc>
<status status="PASS" start="2024-03-10T06:41:36.500234" elapsed="0.000522"/>
</kw>
<kw name="Get From Dictionary" owner="Collections">
<msg time="2024-03-10T06:41:36.501470" level="INFO">${env} = QA</msg>
<var>${env}</var>
<arg>${json_data}</arg>
<arg>env</arg>
<arg>${None}</arg>
<doc>Returns a value from the given ``dictionary`` based on the given ``key``.</doc>
<status status="PASS" start="2024-03-10T06:41:36.501005" elapsed="0.000509"/>
</kw>
<kw name="Get From Dictionary" owner="Collections">
<msg time="2024-03-10T06:41:36.502770" level="INFO">${env_data} = {'users': 'https://reqres.in/api/users/2', 'restcountries': 'https://restcountries.com/v3.1/translation/germany', 'users_base': 'https://reqres.in/api/users', 'serverest': 'https://serverest.dev', 'bo...</msg>
<var>${env_data}</var>
<arg>${json_data}</arg>
<arg>${env}</arg>
<arg>${None}</arg>
<doc>Returns a value from the given ``dictionary`` based on the given ``key``.</doc>
<status status="PASS" start="2024-03-10T06:41:36.501840" elapsed="0.000995"/>
</kw>
<kw name="Get From Dictionary" owner="Collections">
<msg time="2024-03-10T06:41:36.503710" level="INFO">${endpoint_value} = https://serverest.dev</msg>
<var>${endpoint_value}</var>
<arg>${env_data}</arg>
<arg>${endpoint}</arg>
<arg>${None}</arg>
<doc>Returns a value from the given ``dictionary`` based on the given ``key``.</doc>
<status status="PASS" start="2024-03-10T06:41:36.503185" elapsed="0.000569"/>
</kw>
<kw name="Set Variable If" owner="BuiltIn">
<msg time="2024-03-10T06:41:36.504495" level="INFO">${final_endpoint} = https://serverest.dev</msg>
<var>${final_endpoint}</var>
<arg>'${endpoint_value}' != '${None}'</arg>
<arg>${endpoint_value}</arg>
<arg>${endpoint}</arg>
<doc>Sets variable based on the given condition.</doc>
<status status="PASS" start="2024-03-10T06:41:36.504029" elapsed="0.000508"/>
</kw>
<kw name="Set Variable If" owner="BuiltIn">
<msg time="2024-03-10T06:41:36.506190" level="INFO">${final_url} = https://serverest.dev/usuarios</msg>
<var>${final_url}</var>
<arg>'${path}' != '${EMPTY}'</arg>
<arg>${final_endpoint}/${path}</arg>
<arg>${final_endpoint}</arg>
<doc>Sets variable based on the given condition.</doc>
<status status="PASS" start="2024-03-10T06:41:36.504904" elapsed="0.001330"/>
</kw>
<status status="PASS" start="2024-03-10T06:41:36.494517" elapsed="0.011806"/>
</branch>
<status status="PASS" start="2024-03-10T06:41:36.494481" elapsed="0.011897"/>
</if>
<return>
<value>${final_url}</value>
<status status="PASS" start="2024-03-10T06:41:36.506456" elapsed="0.000053"/>
</return>
<msg time="2024-03-10T06:41:36.506754" level="INFO">${url_endpoint} = https://serverest.dev/usuarios</msg>
<var>${url_endpoint}</var>
<arg>${json_data["url"]}</arg>
<status status="PASS" start="2024-03-10T06:41:36.491488" elapsed="0.015308"/>
</kw>
<kw name="Run Keyword And Return Status" owner="BuiltIn">
<kw name="Dictionary Should Contain Key" owner="Collections">
<msg time="2024-03-10T06:41:36.508196" level="INFO">False</msg>
<msg time="2024-03-10T06:41:36.508367" level="FAIL">Dictionary does not contain key 'path'.</msg>
<arg>${json_data}</arg>
<arg>path</arg>
<doc>Fails if ``key`` is not found from ``dictionary``.</doc>
<status status="FAIL" start="2024-03-10T06:41:36.507558" elapsed="0.000931">Dictionary does not contain key 'path'.</status>
</kw>
<msg time="2024-03-10T06:41:36.508767" level="INFO">${path_string} = False</msg>
<var>${path_string}</var>
<arg>Dictionary Should Contain Key</arg>
<arg>${json_data}</arg>
<arg>path</arg>
<doc>Runs the given keyword with given arguments and returns the status as a Boolean value.</doc>
<status status="PASS" start="2024-03-10T06:41:36.507053" elapsed="0.001770"/>
</kw>
<if>
<branch type="IF" condition="${path_string}">
<kw name="Set Variable" owner="BuiltIn">
<var>${variable_name}</var>
<arg>${json_data["path"]}</arg>
<doc>Returns the given values which can then be assigned to a variables.</doc>
<status status="NOT RUN" start="2024-03-10T06:41:36.509385" elapsed="0.000041"/>
</kw>
<kw name="Get Variable Value" owner="BuiltIn">
<var>${value_found}</var>
<arg>${${variable_name}}</arg>
<doc>Returns variable value or ``default`` if the variable does not exist.</doc>
<status status="NOT RUN" start="2024-03-10T06:41:36.509676" elapsed="0.000034"/>
</kw>
<kw name="Set Variable" owner="BuiltIn">
<var>${url_endpoint}</var>
<arg>${url_endpoint}/${value_found[0]}</arg>
<doc>Returns the given values which can then be assigned to a variables.</doc>
<status status="NOT RUN" start="2024-03-10T06:41:36.509935" elapsed="0.000033"/>
</kw>
<status status="NOT RUN" start="2024-03-10T06:41:36.509009" elapsed="0.001027"/>
</branch>
<status status="PASS" start="2024-03-10T06:41:36.508969" elapsed="0.001115"/>
</if>
<kw name="Log To Console" owner="BuiltIn">
<arg>\n\n 🔰 request in: ${url_endpoint}\n</arg>
<doc>Logs the given message to the console.</doc>
<status status="PASS" start="2024-03-10T06:41:36.510286" elapsed="0.000405"/>
</kw>
<kw name="Run Keyword And Return Status" owner="BuiltIn">
<kw name="Dictionary Should Contain Key" owner="Collections">
<msg time="2024-03-10T06:41:36.511530" level="INFO">False</msg>
<arg>${json_data}</arg>
<arg>replace</arg>
<doc>Fails if ``key`` is not found from ``dictionary``.</doc>
<status status="PASS" start="2024-03-10T06:41:36.511247" elapsed="0.000358"/>
</kw>
<msg time="2024-03-10T06:41:36.511773" level="INFO">${path_replace} = True</msg>
<var>${path_replace}</var>
<arg>Dictionary Should Contain Key</arg>
<arg>${json_data}</arg>
<arg>replace</arg>
<doc>Runs the given keyword with given arguments and returns the status as a Boolean value.</doc>
<status status="PASS" start="2024-03-10T06:41:36.510935" elapsed="0.000878"/>
</kw>
<kw name="Set Variable" owner="BuiltIn">
<msg time="2024-03-10T06:41:36.512334" level="INFO">${data} = False</msg>
<var>${data}</var>
<arg>False</arg>
<doc>Returns the given values which can then be assigned to a variables.</doc>
<status status="PASS" start="2024-03-10T06:41:36.512082" elapsed="0.000295"/>
</kw>
<if>
<branch type="IF" condition="${path_replace}">
<kw name="Set Variable" owner="BuiltIn">
<msg time="2024-03-10T06:41:36.513826" level="INFO">${path_value_replace} = faker_name, faker_email, token</msg>
<var>${path_value_replace}</var>
<arg>${json_data['replace']}</arg>
<doc>Returns the given values which can then be assigned to a variables.</doc>
<status status="PASS" start="2024-03-10T06:41:36.512836" elapsed="0.001044"/>
</kw>
<kw name="Split String" owner="String">
<msg time="2024-03-10T06:41:36.514527" level="INFO">${itens} = ['faker_name', ' faker_email', ' token']</msg>
<var>${itens}</var>
<arg>${path_value_replace}</arg>
<arg>,</arg>
<doc>Splits the ``string`` using ``separator`` as a delimiter string.</doc>
<status status="PASS" start="2024-03-10T06:41:36.514180" elapsed="0.000387"/>
</kw>
<for flavor="IN">
<iter>
<kw name="Strip String" owner="String">
<msg time="2024-03-10T06:41:36.515653" level="INFO">${trim_value} = faker_name</msg>
<var>${trim_value}</var>
<arg>${replace_val}</arg>
<doc>Remove leading and/or trailing whitespaces from the given string.</doc>
<status status="PASS" start="2024-03-10T06:41:36.515353" elapsed="0.000340"/>
</kw>
<kw name="Get Variable Value" owner="BuiltIn">
<msg time="2024-03-10T06:41:36.516432" level="INFO">@{value_found} = [ Cheyenne Keith ]</msg>
<var>@{value_found}</var>
<arg>${${trim_value}}</arg>
<doc>Returns variable value or ``default`` if the variable does not exist.</doc>
<status status="PASS" start="2024-03-10T06:41:36.515923" elapsed="0.000550"/>
</kw>
<kw name="Evaluate" owner="BuiltIn">
<msg time="2024-03-10T06:41:36.517380" level="INFO">${value_found} = Cheyenne Keith</msg>
<var>${value_found}</var>
<arg>$value_found[0] if isinstance($value_found, list) and len($value_found) &gt; 0 else $value_found</arg>
<doc>Evaluates the given expression in Python and returns the result.</doc>
<status status="PASS" start="2024-03-10T06:41:36.516704" elapsed="0.000731"/>
</kw>
<kw name="Evaluate" owner="BuiltIn">
<msg time="2024-03-10T06:41:36.518077" level="INFO">${is_list} = False</msg>
<var>${is_list}</var>
<arg>isinstance($value_found, list)</arg>
<doc>Evaluates the given expression in Python and returns the result.</doc>
<status status="PASS" start="2024-03-10T06:41:36.517674" elapsed="0.000446"/>
</kw>
<kw name="Set Variable If" owner="BuiltIn">
<msg time="2024-03-10T06:41:36.519132" level="INFO">${value_found} = Cheyenne Keith</msg>
<var>${value_found}</var>
<arg>${is_list} and len($value_found) &gt; 0</arg>
<arg>${value_found[0]}</arg>
<arg>${value_found}</arg>
<doc>Sets variable based on the given condition.</doc>
<status status="PASS" start="2024-03-10T06:41:36.518413" elapsed="0.000767"/>
</kw>
<if>
<branch type="IF" condition="not ${data}">
<kw name="Replace" owner="resources_keywords">
<kw name="Evaluate" owner="BuiltIn">
<msg time="2024-03-10T06:41:36.520867" level="INFO">${json_type} = dict</msg>
<var>${json_type}</var>
<arg>$json.__class__.__name__</arg>
<doc>Evaluates the given expression in Python and returns the result.</doc>
<status status="PASS" start="2024-03-10T06:41:36.520487" elapsed="0.000424"/>
</kw>
<kw name="Run Keyword If" owner="BuiltIn">
<kw name="Converter JSON str" owner="resources_keywords">
<kw name="Evaluate" owner="BuiltIn">
<msg time="2024-03-10T06:41:36.522992" level="INFO">${json_data} = {"status": 201, "url": "serverest/usuarios", "replace": "faker_name, faker_email, token", "headers": {"Authorization": "token"}, "body": {"nome": "faker_name", "email": "faker_email", "password": "tes...</msg>
<var>${json_data}</var>
<arg>json.dumps($json)</arg>
<arg>json</arg>
<doc>Evaluates the given expression in Python and returns the result.</doc>
<status status="PASS" start="2024-03-10T06:41:36.522505" elapsed="0.000534"/>
</kw>
<kw name="Replace In String" owner="resources_keywords">
<kw name="Replace String" owner="String">
<msg time="2024-03-10T06:41:36.524448" level="INFO">${replaced} = {"status": 201, "url": "serverest/usuarios", "replace": "Cheyenne Keith, faker_email, token", "headers": {"Authorization": "token"}, "body": {"nome": "Cheyenne Keith", "email": "faker_email", "passwor...</msg>
<var>${replaced}</var>
<arg>${json_str}</arg>
<arg>${string}</arg>
<arg>${replace_with}</arg>
<doc>Replaces ``search_for`` in the given ``string`` with ``replace_with``.</doc>
<status status="PASS" start="2024-03-10T06:41:36.524030" elapsed="0.000578"/>
</kw>
<return>
<value>${replaced}</value>
<status status="PASS" start="2024-03-10T06:41:36.524728" elapsed="0.000057"/>
</return>
<msg time="2024-03-10T06:41:36.525051" level="INFO">${replaced} = {"status": 201, "url": "serverest/usuarios", "replace": "Cheyenne Keith, faker_email, token", "headers": {"Authorization": "token"}, "body": {"nome": "Cheyenne Keith", "email": "faker_email", "passwor...</msg>
<var>${replaced}</var>
<arg>${json_data}</arg>
<arg>${key}</arg>
<arg>${new_value}</arg>
<status status="PASS" start="2024-03-10T06:41:36.523331" elapsed="0.001765"/>
</kw>
<return>
<value>${replaced}</value>
<status status="PASS" start="2024-03-10T06:41:36.525194" elapsed="0.000044"/>
</return>
<arg>${json}</arg>
<arg>${string}</arg>
<arg>${replace_with}</arg>
<status status="PASS" start="2024-03-10T06:41:36.521785" elapsed="0.003647"/>
</kw>
<msg time="2024-03-10T06:41:36.525588" level="INFO">${replaced} = {"status": 201, "url": "serverest/usuarios", "replace": "Cheyenne Keith, faker_email, token", "headers": {"Authorization": "token"}, "body": {"nome": "Cheyenne Keith", "email": "faker_email", "passwor...</msg>
<var>${replaced}</var>
<arg>'${json_type}' == 'str'</arg>
<arg>Transfor_DATA</arg>
<arg>${json}.json</arg>
<arg>${string}</arg>
<arg>${replace_with}</arg>
<arg>ELSE</arg>
<arg>Converter JSON str</arg>
<arg>${json}</arg>
<arg>${string}</arg>
<arg>${replace_with}</arg>
<doc>Runs the given keyword with the given arguments, if ``condition`` is true.</doc>
<status status="PASS" start="2024-03-10T06:41:36.521169" elapsed="0.004462"/>
</kw>
<return>
<value>${replaced}</value>
<status status="PASS" start="2024-03-10T06:41:36.525780" elapsed="0.000049"/>
</return>
<msg time="2024-03-10T06:41:36.526066" level="INFO">${json_replace} = {"status": 201, "url": "serverest/usuarios", "replace": "Cheyenne Keith, faker_email, token", "headers": {"Authorization": "token"}, "body": {"nome": "Cheyenne Keith", "email": "faker_email", "passwor...</msg>
<var>${json_replace}</var>
<arg>${json_data}</arg>
<arg>${trim_value}</arg>
<arg>${value_found}</arg>
<status status="PASS" start="2024-03-10T06:41:36.519756" elapsed="0.006353"/>
</kw>
<kw name="Set Variable" owner="BuiltIn">
<msg time="2024-03-10T06:41:36.526705" level="INFO">${data} = True</msg>
<var>${data}</var>
<arg>True</arg>
<doc>Returns the given values which can then be assigned to a variables.</doc>
<status status="PASS" start="2024-03-10T06:41:36.526410" elapsed="0.000338"/>
</kw>
<status status="PASS" start="2024-03-10T06:41:36.519343" elapsed="0.007475"/>
</branch>
<branch type="ELSE">
<kw name="Evaluate" owner="BuiltIn">
<var>${converter_json}</var>
<arg>json.loads("""${json_replace}""")</arg>
<arg>json</arg>
<doc>Evaluates the given expression in Python and returns the result.</doc>
<status status="NOT RUN" start="2024-03-10T06:41:36.527103" elapsed="0.000049"/>
</kw>
<kw name="Replace" owner="resources_keywords">
<var>${json_replace}</var>
<arg>${converter_json}</arg>
<arg>${trim_value}</arg>
<arg>${value_found}</arg>
<status status="NOT RUN" start="2024-03-10T06:41:36.527491" elapsed="0.000042"/>
</kw>
<status status="NOT RUN" start="2024-03-10T06:41:36.526872" elapsed="0.000744"/>
</branch>
<status status="PASS" start="2024-03-10T06:41:36.519308" elapsed="0.008349"/>
</if>
<var name="${replace_val}">faker_name</var>
<status status="PASS" start="2024-03-10T06:41:36.515154" elapsed="0.012553"/>
</iter>
<iter>
<kw name="Strip String" owner="String">
<msg time="2024-03-10T06:41:36.528728" level="INFO">${trim_value} = faker_email</msg>
<var>${trim_value}</var>
<arg>${replace_val}</arg>
<doc>Remove leading and/or trailing whitespaces from the given string.</doc>
<status status="PASS" start="2024-03-10T06:41:36.528271" elapsed="0.000508"/>
</kw>
<kw name="Get Variable Value" owner="BuiltIn">
<msg time="2024-03-10T06:41:36.529661" level="INFO">@{value_found} = [ dawn44@example.org ]</msg>
<var>@{value_found}</var>
<arg>${${trim_value}}</arg>
<doc>Returns variable value or ``default`` if the variable does not exist.</doc>
<status status="PASS" start="2024-03-10T06:41:36.529074" elapsed="0.000638"/>
</kw>
<kw name="Evaluate" owner="BuiltIn">
<msg time="2024-03-10T06:41:36.530977" level="INFO">${value_found} = dawn44@example.org</msg>
<var>${value_found}</var>
<arg>$value_found[0] if isinstance($value_found, list) and len($value_found) &gt; 0 else $value_found</arg>
<doc>Evaluates the given expression in Python and returns the result.</doc>
<status status="PASS" start="2024-03-10T06:41:36.529993" elapsed="0.001034"/>
</kw>
<kw name="Evaluate" owner="BuiltIn">
<msg time="2024-03-10T06:41:36.531723" level="INFO">${is_list} = False</msg>
<var>${is_list}</var>
<arg>isinstance($value_found, list)</arg>
<doc>Evaluates the given expression in Python and returns the result.</doc>
<status status="PASS" start="2024-03-10T06:41:36.531294" elapsed="0.000474"/>
</kw>
<kw name="Set Variable If" owner="BuiltIn">
<msg time="2024-03-10T06:41:36.532553" level="INFO">${value_found} = dawn44@example.org</msg>
<var>${value_found}</var>
<arg>${is_list} and len($value_found) &gt; 0</arg>
<arg>${value_found[0]}</arg>
<arg>${value_found}</arg>
<doc>Sets variable based on the given condition.</doc>
<status status="PASS" start="2024-03-10T06:41:36.532022" elapsed="0.000576"/>
</kw>
<if>
<branch type="IF" condition="not ${data}">
<kw name="Replace" owner="resources_keywords">
<var>${json_replace}</var>
<arg>${json_data}</arg>
<arg>${trim_value}</arg>
<arg>${value_found}</arg>
<status status="NOT RUN" start="2024-03-10T06:41:36.533187" elapsed="0.000043"/>
</kw>
<kw name="Set Variable" owner="BuiltIn">
<var>${data}</var>
<arg>True</arg>
<doc>Returns the given values which can then be assigned to a variables.</doc>
<status status="NOT RUN" start="2024-03-10T06:41:36.533479" elapsed="0.000033"/>
</kw>
<status status="NOT RUN" start="2024-03-10T06:41:36.532761" elapsed="0.000818"/>
</branch>
<branch type="ELSE">
<kw name="Evaluate" owner="BuiltIn">
<msg time="2024-03-10T06:41:36.534329" level="INFO">${converter_json} = {'status': 201, 'url': 'serverest/usuarios', 'replace': 'Cheyenne Keith, faker_email, token', 'headers': {'Authorization': 'token'}, 'body': {'nome': 'Cheyenne Keith', 'email': 'faker_email', 'passwor...</msg>
<var>${converter_json}</var>
<arg>json.loads("""${json_replace}""")</arg>
<arg>json</arg>
<doc>Evaluates the given expression in Python and returns the result.</doc>
<status status="PASS" start="2024-03-10T06:41:36.533832" elapsed="0.000545"/>
</kw>
<kw name="Replace" owner="resources_keywords">
<kw name="Evaluate" owner="BuiltIn">
<msg time="2024-03-10T06:41:36.536411" level="INFO">${json_type} = dict</msg>
<var>${json_type}</var>
<arg>$json.__class__.__name__</arg>
<doc>Evaluates the given expression in Python and returns the result.</doc>
<status status="PASS" start="2024-03-10T06:41:36.535902" elapsed="0.000564"/>
</kw>
<kw name="Run Keyword If" owner="BuiltIn">
<kw name="Converter JSON str" owner="resources_keywords">
<kw name="Evaluate" owner="BuiltIn">
<msg time="2024-03-10T06:41:36.538423" level="INFO">${json_data} = {"status": 201, "url": "serverest/usuarios", "replace": "Cheyenne Keith, faker_email, token", "headers": {"Authorization": "token"}, "body": {"nome": "Cheyenne Keith", "email": "faker_email", "passwor...</msg>
<var>${json_data}</var>
<arg>json.dumps($json)</arg>
<arg>json</arg>
<doc>Evaluates the given expression in Python and returns the result.</doc>
<status status="PASS" start="2024-03-10T06:41:36.537975" elapsed="0.000492"/>
</kw>
<kw name="Replace In String" owner="resources_keywords">
<kw name="Replace String" owner="String">
<msg time="2024-03-10T06:41:36.539889" level="INFO">${replaced} = {"status": 201, "url": "serverest/usuarios", "replace": "Cheyenne Keith, dawn44@example.org, token", "headers": {"Authorization": "token"}, "body": {"nome": "Cheyenne Keith", "email": "dawn44@example....</msg>
<var>${replaced}</var>
<arg>${json_str}</arg>
<arg>${string}</arg>
<arg>${replace_with}</arg>
<doc>Replaces ``search_for`` in the given ``string`` with ``replace_with``.</doc>
<status status="PASS" start="2024-03-10T06:41:36.539512" elapsed="0.000419"/>
</kw>
<return>
<value>${replaced}</value>
<status status="PASS" start="2024-03-10T06:41:36.540136" elapsed="0.000054"/>
</return>
<msg time="2024-03-10T06:41:36.540422" level="INFO">${replaced} = {"status": 201, "url": "serverest/usuarios", "replace": "Cheyenne Keith, dawn44@example.org, token", "headers": {"Authorization": "token"}, "body": {"nome": "Cheyenne Keith", "email": "dawn44@example....</msg>
<var>${replaced}</var>
<arg>${json_data}</arg>
<arg>${key}</arg>
<arg>${new_value}</arg>
<status status="PASS" start="2024-03-10T06:41:36.538822" elapsed="0.001643"/>
</kw>
<return>
<value>${replaced}</value>
<status status="PASS" start="2024-03-10T06:41:36.540556" elapsed="0.000038"/>
</return>
<arg>${json}</arg>
<arg>${string}</arg>
<arg>${replace_with}</arg>
<status status="PASS" start="2024-03-10T06:41:36.537268" elapsed="0.003490"/>
</kw>
<msg time="2024-03-10T06:41:36.540899" level="INFO">${replaced} = {"status": 201, "url": "serverest/usuarios", "replace": "Cheyenne Keith, dawn44@example.org, token", "headers": {"Authorization": "token"}, "body": {"nome": "Cheyenne Keith", "email": "dawn44@example....</msg>
<var>${replaced}</var>
<arg>'${json_type}' == 'str'</arg>
<arg>Transfor_DATA</arg>
<arg>${json}.json</arg>
<arg>${string}</arg>
<arg>${replace_with}</arg>
<arg>ELSE</arg>
<arg>Converter JSON str</arg>
<arg>${json}</arg>
<arg>${string}</arg>
<arg>${replace_with}</arg>
<doc>Runs the given keyword with the given arguments, if ``condition`` is true.</doc>
<status status="PASS" start="2024-03-10T06:41:36.536748" elapsed="0.004192"/>
</kw>
<return>
<value>${replaced}</value>
<status status="PASS" start="2024-03-10T06:41:36.541076" elapsed="0.000038"/>
</return>
<msg time="2024-03-10T06:41:36.541334" level="INFO">${json_replace} = {"status": 201, "url": "serverest/usuarios", "replace": "Cheyenne Keith, dawn44@example.org, token", "headers": {"Authorization": "token"}, "body": {"nome": "Cheyenne Keith", "email": "dawn44@example....</msg>
<var>${json_replace}</var>
<arg>${converter_json}</arg>
<arg>${trim_value}</arg>
<arg>${value_found}</arg>
<status status="PASS" start="2024-03-10T06:41:36.534688" elapsed="0.006688"/>
</kw>
<status status="PASS" start="2024-03-10T06:41:36.533626" elapsed="0.007824"/>
</branch>
<status status="PASS" start="2024-03-10T06:41:36.532724" elapsed="0.008818"/>
</if>
<var name="${replace_val}"> faker_email</var>
<status status="PASS" start="2024-03-10T06:41:36.528067" elapsed="0.013558"/>
</iter>
<iter>
<kw name="Strip String" owner="String">
<msg time="2024-03-10T06:41:36.542755" level="INFO">${trim_value} = token</msg>
<var>${trim_value}</var>
<arg>${replace_val}</arg>
<doc>Remove leading and/or trailing whitespaces from the given string.</doc>
<status status="PASS" start="2024-03-10T06:41:36.542350" elapsed="0.000470"/>
</kw>
<kw name="Get Variable Value" owner="BuiltIn">
<msg time="2024-03-10T06:41:36.543654" level="INFO">@{value_found} = [ Bearer eyJhbGciOiJIUzI1NiIsInR5cCI6IkpXVCJ9.eyJlbWFpbCI6ImZ1bGFub0BxYS5jb20iLCJwYXNzd29yZCI6InRlc3RlIiwiaWF0IjoxNzEwMDYzNjk3LCJleHAiOjE3MTAwNjQyOTd9.hdXpRf6zdMIEa81_YYmF368104wz_me1_-lk-CwGDkM ]</msg>
<var>@{value_found}</var>
<arg>${${trim_value}}</arg>
<doc>Returns variable value or ``default`` if the variable does not exist.</doc>
<status status="PASS" start="2024-03-10T06:41:36.543105" elapsed="0.000613"/>
</kw>
<kw name="Evaluate" owner="BuiltIn">
<msg time="2024-03-10T06:41:36.544691" level="INFO">${value_found} = Bearer eyJhbGciOiJIUzI1NiIsInR5cCI6IkpXVCJ9.eyJlbWFpbCI6ImZ1bGFub0BxYS5jb20iLCJwYXNzd29yZCI6InRlc3RlIiwiaWF0IjoxNzEwMDYzNjk3LCJleHAiOjE3MTAwNjQyOTd9.hdXpRf6zdMIEa81_YYmF368104wz_me1_-lk-CwGDkM</msg>
<var>${value_found}</var>
<arg>$value_found[0] if isinstance($value_found, list) and len($value_found) &gt; 0 else $value_found</arg>
<doc>Evaluates the given expression in Python and returns the result.</doc>
<status status="PASS" start="2024-03-10T06:41:36.543976" elapsed="0.000761"/>
</kw>
<kw name="Evaluate" owner="BuiltIn">
<msg time="2024-03-10T06:41:36.545400" level="INFO">${is_list} = False</msg>
<var>${is_list}</var>
<arg>isinstance($value_found, list)</arg>
<doc>Evaluates the given expression in Python and returns the result.</doc>
<status status="PASS" start="2024-03-10T06:41:36.544980" elapsed="0.000465"/>
</kw>
<kw name="Set Variable If" owner="BuiltIn">
<msg time="2024-03-10T06:41:36.546409" level="INFO">${value_found} = Bearer eyJhbGciOiJIUzI1NiIsInR5cCI6IkpXVCJ9.eyJlbWFpbCI6ImZ1bGFub0BxYS5jb20iLCJwYXNzd29yZCI6InRlc3RlIiwiaWF0IjoxNzEwMDYzNjk3LCJleHAiOjE3MTAwNjQyOTd9.hdXpRf6zdMIEa81_YYmF368104wz_me1_-lk-CwGDkM</msg>
<var>${value_found}</var>
<arg>${is_list} and len($value_found) &gt; 0</arg>
<arg>${value_found[0]}</arg>
<arg>${value_found}</arg>
<doc>Sets variable based on the given condition.</doc>
<status status="PASS" start="2024-03-10T06:41:36.545726" elapsed="0.000741"/>
</kw>
<if>
<branch type="IF" condition="not ${data}">
<kw name="Replace" owner="resources_keywords">
<var>${json_replace}</var>
<arg>${json_data}</arg>
<arg>${trim_value}</arg>
<arg>${value_found}</arg>
<status status="NOT RUN" start="2024-03-10T06:41:36.547122" elapsed="0.000047"/>
</kw>
<kw name="Set Variable" owner="BuiltIn">
<var>${data}</var>
<arg>True</arg>
<doc>Returns the given values which can then be assigned to a variables.</doc>
<status status="NOT RUN" start="2024-03-10T06:41:36.547439" elapsed="0.000036"/>
</kw>
<status status="NOT RUN" start="2024-03-10T06:41:36.546653" elapsed="0.000889"/>
</branch>
<branch type="ELSE">
<kw name="Evaluate" owner="BuiltIn">
<msg time="2024-03-10T06:41:36.548377" level="INFO">${converter_json} = {'status': 201, 'url': 'serverest/usuarios', 'replace': 'Cheyenne Keith, dawn44@example.org, token', 'headers': {'Authorization': 'token'}, 'body': {'nome': 'Cheyenne Keith', 'email': 'dawn44@example....</msg>
<var>${converter_json}</var>
<arg>json.loads("""${json_replace}""")</arg>
<arg>json</arg>
<doc>Evaluates the given expression in Python and returns the result.</doc>
<status status="PASS" start="2024-03-10T06:41:36.547801" elapsed="0.000626"/>
</kw>
<kw name="Replace" owner="resources_keywords">
<kw name="Evaluate" owner="BuiltIn">
<msg time="2024-03-10T06:41:36.549944" level="INFO">${json_type} = dict</msg>
<var>${json_type}</var>
<arg>$json.__class__.__name__</arg>
<doc>Evaluates the given expression in Python and returns the result.</doc>
<status status="PASS" start="2024-03-10T06:41:36.549503" elapsed="0.000489"/>
</kw>
<kw name="Run Keyword If" owner="BuiltIn">
<kw name="Converter JSON str" owner="resources_keywords">
<kw name="Evaluate" owner="BuiltIn">
<msg time="2024-03-10T06:41:36.552216" level="INFO">${json_data} = {"status": 201, "url": "serverest/usuarios", "replace": "Cheyenne Keith, dawn44@example.org, token", "headers": {"Authorization": "token"}, "body": {"nome": "Cheyenne Keith", "email": "dawn44@example....</msg>
<var>${json_data}</var>
<arg>json.dumps($json)</arg>
<arg>json</arg>
<doc>Evaluates the given expression in Python and returns the result.</doc>
<status status="PASS" start="2024-03-10T06:41:36.551631" elapsed="0.000641"/>
</kw>
<kw name="Replace In String" owner="resources_keywords">
<kw name="Replace String" owner="String">
<msg time="2024-03-10T06:41:36.553945" level="INFO">${replaced} = {"status": 201, "url": "serverest/usuarios", "replace": "Cheyenne Keith, dawn44@example.org, Bearer eyJhbGciOiJIUzI1NiIsInR5cCI6IkpXVCJ9.eyJlbWFpbCI6ImZ1bGFub0BxYS5jb20iLCJwYXNzd29yZCI6InRlc3RlIiwiaWF...</msg>
<var>${replaced}</var>
<arg>${json_str}</arg>
<arg>${string}</arg>
<arg>${replace_with}</arg>
<doc>Replaces ``search_for`` in the given ``string`` with ``replace_with``.</doc>
<status status="PASS" start="2024-03-10T06:41:36.553533" elapsed="0.000455"/>
</kw>
<return>
<value>${replaced}</value>
<status status="PASS" start="2024-03-10T06:41:36.554087" elapsed="0.000053"/>
</return>
<msg time="2024-03-10T06:41:36.554453" level="INFO">${replaced} = {"status": 201, "url": "serverest/usuarios", "replace": "Cheyenne Keith, dawn44@example.org, Bearer eyJhbGciOiJIUzI1NiIsInR5cCI6IkpXVCJ9.eyJlbWFpbCI6ImZ1bGFub0BxYS5jb20iLCJwYXNzd29yZCI6InRlc3RlIiwiaWF...</msg>
<var>${replaced}</var>
<arg>${json_data}</arg>
<arg>${key}</arg>
<arg>${new_value}</arg>
<status status="PASS" start="2024-03-10T06:41:36.552811" elapsed="0.001803"/>
</kw>
<return>
<value>${replaced}</value>
<status status="PASS" start="2024-03-10T06:41:36.554713" elapsed="0.000041"/>
</return>
<arg>${json}</arg>
<arg>${string}</arg>
<arg>${replace_with}</arg>
<status status="PASS" start="2024-03-10T06:41:36.550776" elapsed="0.004143"/>
</kw>
<msg time="2024-03-10T06:41:36.555057" level="INFO">${replaced} = {"status": 201, "url": "serverest/usuarios", "replace": "Cheyenne Keith, dawn44@example.org, Bearer eyJhbGciOiJIUzI1NiIsInR5cCI6IkpXVCJ9.eyJlbWFpbCI6ImZ1bGFub0BxYS5jb20iLCJwYXNzd29yZCI6InRlc3RlIiwiaWF...</msg>
<var>${replaced}</var>
<arg>'${json_type}' == 'str'</arg>
<arg>Transfor_DATA</arg>
<arg>${json}.json</arg>
<arg>${string}</arg>
<arg>${replace_with}</arg>
<arg>ELSE</arg>
<arg>Converter JSON str</arg>
<arg>${json}</arg>
<arg>${string}</arg>
<arg>${replace_with}</arg>
<doc>Runs the given keyword with the given arguments, if ``condition`` is true.</doc>
<status status="PASS" start="2024-03-10T06:41:36.550266" elapsed="0.004832"/>
</kw>
<return>
<value>${replaced}</value>
<status status="PASS" start="2024-03-10T06:41:36.555230" elapsed="0.000038"/>
</return>
<msg time="2024-03-10T06:41:36.555477" level="INFO">${json_replace} = {"status": 201, "url": "serverest/usuarios", "replace": "Cheyenne Keith, dawn44@example.org, Bearer eyJhbGciOiJIUzI1NiIsInR5cCI6IkpXVCJ9.eyJlbWFpbCI6ImZ1bGFub0BxYS5jb20iLCJwYXNzd29yZCI6InRlc3RlIiwiaWF...</msg>
<var>${json_replace}</var>
<arg>${converter_json}</arg>
<arg>${trim_value}</arg>
<arg>${value_found}</arg>
<status status="PASS" start="2024-03-10T06:41:36.548747" elapsed="0.006770"/>
</kw>
<status status="PASS" start="2024-03-10T06:41:36.547591" elapsed="0.007996"/>
</branch>
<status status="PASS" start="2024-03-10T06:41:36.546616" elapsed="0.009013"/>
</if>
<var name="${replace_val}"> token</var>
<status status="PASS" start="2024-03-10T06:41:36.542079" elapsed="0.013596"/>
</iter>
<var>${replace_val}</var>
<value>@{itens}</value>
<status status="PASS" start="2024-03-10T06:41:36.514687" elapsed="0.041045"/>
</for>
<kw name="Set Variable" owner="BuiltIn">
<msg time="2024-03-10T06:41:36.556222" level="INFO">${json_data} = {"status": 201, "url": "serverest/usuarios", "replace": "Cheyenne Keith, dawn44@example.org, Bearer eyJhbGciOiJIUzI1NiIsInR5cCI6IkpXVCJ9.eyJlbWFpbCI6ImZ1bGFub0BxYS5jb20iLCJwYXNzd29yZCI6InRlc3RlIiwiaWF...</msg>
<var>${json_data}</var>
<arg>${json_replace}</arg>
<doc>Returns the given values which can then be assigned to a variables.</doc>
<status status="PASS" start="2024-03-10T06:41:36.555958" elapsed="0.000304"/>
</kw>
<kw name="Evaluate" owner="BuiltIn">
<msg time="2024-03-10T06:41:36.556883" level="INFO">${json_data} = {'status': 201, 'url': 'serverest/usuarios', 'replace': 'Cheyenne Keith, dawn44@example.org, Bearer eyJhbGciOiJIUzI1NiIsInR5cCI6IkpXVCJ9.eyJlbWFpbCI6ImZ1bGFub0BxYS5jb20iLCJwYXNzd29yZCI6InRlc3RlIiwiaWF...</msg>
<var>${json_data}</var>
<arg>json.loads("""${json_data}""")</arg>
<arg>json</arg>
<doc>Evaluates the given expression in Python and returns the result.</doc>
<status status="PASS" start="2024-03-10T06:41:36.556476" elapsed="0.000447"/>
</kw>
<status status="PASS" start="2024-03-10T06:41:36.512521" elapsed="0.044470"/>
</branch>
<status status="PASS" start="2024-03-10T06:41:36.512487" elapsed="0.044546"/>
</if>
<kw name="Get From Dictionary" owner="Collections">
<msg time="2024-03-10T06:41:36.557675" level="INFO">${body} = {'nome': 'Cheyenne Keith', 'email': 'dawn44@example.org', 'password': 'teste', 'administrador': 'true'}</msg>
<var>${body}</var>
<arg>${json_data}</arg>
<arg>body</arg>
<arg>${None}</arg>
<doc>Returns a value from the given ``dictionary`` based on the given ``key``.</doc>
<status status="PASS" start="2024-03-10T06:41:36.557231" elapsed="0.000487"/>
</kw>
<kw name="Get From Dictionary" owner="Collections">
<msg time="2024-03-10T06:41:36.558440" level="INFO">${headers} = {'Authorization': 'Bearer eyJhbGciOiJIUzI1NiIsInR5cCI6IkpXVCJ9.eyJlbWFpbCI6ImZ1bGFub0BxYS5jb20iLCJwYXNzd29yZCI6InRlc3RlIiwiaWF0IjoxNzEwMDYzNjk3LCJleHAiOjE3MTAwNjQyOTd9.hdXpRf6zdMIEa81_YYmF368104wz_me1...</msg>
<var>${headers}</var>
<arg>${json_data}</arg>
<arg>headers</arg>
<arg>${None}</arg>
<doc>Returns a value from the given ``dictionary`` based on the given ``key``.</doc>
<status status="PASS" start="2024-03-10T06:41:36.557967" elapsed="0.000525"/>
</kw>
<kw name="Get From Dictionary" owner="Collections">
<msg time="2024-03-10T06:41:36.559354" level="INFO">${params} = None</msg>
<var>${params}</var>
<arg>${json_data}</arg>
<arg>params</arg>
<arg>${None}</arg>
<doc>Returns a value from the given ``dictionary`` based on the given ``key``.</doc>
<status status="PASS" start="2024-03-10T06:41:36.558783" elapsed="0.000634"/>
</kw>
<kw name="Get From Dictionary" owner="Collections">
<msg time="2024-03-10T06:41:36.560193" level="INFO">${method} = None</msg>
<var>${method}</var>
<arg>${json_data}</arg>
<arg>method</arg>
<arg>${None}</arg>
<doc>Returns a value from the given ``dictionary`` based on the given ``key``.</doc>
<status status="PASS" start="2024-03-10T06:41:36.559726" elapsed="0.000513"/>
</kw>
<kw name="Run Keyword And Return Status" owner="BuiltIn">
<kw name="Should Contain" owner="BuiltIn">
<msg time="2024-03-10T06:41:36.561278" level="FAIL">'../jsons/post_new_user' does not contain 'get'</msg>
<arg>${json}</arg>
<arg>get</arg>
<arg>ignore_case=${True}</arg>
[...]
<doc>Evaluates the given expression in Python and returns the result.</doc>
<status status="NOT RUN" start="2024-03-10T06:41:37.774393" elapsed="0.000034"/>
</kw>
<kw name="Evaluate" owner="BuiltIn">
<var>${is_list}</var>
<arg>isinstance($value_found, list)</arg>
<doc>Evaluates the given expression in Python and returns the result.</doc>
<status status="NOT RUN" start="2024-03-10T06:41:37.774649" elapsed="0.000032"/>
</kw>
<kw name="Set Variable If" owner="BuiltIn">
<var>${value_found}</var>
<arg>${is_list} and len($value_found) &gt; 0</arg>
<arg>${value_found[0]}</arg>
<arg>${value_found}</arg>
<doc>Sets variable based on the given condition.</doc>
<status status="NOT RUN" start="2024-03-10T06:41:37.774923" elapsed="0.000032"/>
</kw>
<if>
<branch type="IF" condition="not ${data}">
<kw name="Replace" owner="resources_keywords">
<var>${json_replace}</var>
<arg>${json_data}</arg>
<arg>${trim_value}</arg>
<arg>${value_found}</arg>
<status status="NOT RUN" start="2024-03-10T06:41:37.775425" elapsed="0.000044"/>
</kw>
<kw name="Set Variable" owner="BuiltIn">
<var>${data}</var>
<arg>True</arg>
<doc>Returns the given values which can then be assigned to a variables.</doc>
<status status="NOT RUN" start="2024-03-10T06:41:37.775714" elapsed="0.000034"/>
</kw>
<status status="NOT RUN" start="2024-03-10T06:41:37.775105" elapsed="0.000801"/>
</branch>
<branch type="ELSE">
<kw name="Evaluate" owner="BuiltIn">
<var>${converter_json}</var>
<arg>json.loads("""${json_replace}""")</arg>
<arg>json</arg>
<doc>Evaluates the given expression in Python and returns the result.</doc>
<status status="NOT RUN" start="2024-03-10T06:41:37.776172" elapsed="0.000033"/>
</kw>
<kw name="Replace" owner="resources_keywords">
<var>${json_replace}</var>
<arg>${converter_json}</arg>
<arg>${trim_value}</arg>
<arg>${value_found}</arg>
<status status="NOT RUN" start="2024-03-10T06:41:37.776500" elapsed="0.000039"/>
</kw>
<status status="NOT RUN" start="2024-03-10T06:41:37.775960" elapsed="0.000650"/>
</branch>
<status status="NOT RUN" start="2024-03-10T06:41:37.775073" elapsed="0.001577"/>
</if>
<var name="${replace_val}"/>
<status status="NOT RUN" start="2024-03-10T06:41:37.773684" elapsed="0.003015"/>
</iter>
<var>${replace_val}</var>
<value>@{itens}</value>
<status status="NOT RUN" start="2024-03-10T06:41:37.773393" elapsed="0.003357"/>
</for>
<kw name="Set Variable" owner="BuiltIn">
<var>${json_data}</var>
<arg>${json_replace}</arg>
<doc>Returns the given values which can then be assigned to a variables.</doc>
<status status="NOT RUN" start="2024-03-10T06:41:37.776969" elapsed="0.000033"/>
</kw>
<kw name="Evaluate" owner="BuiltIn">
<var>${json_data}</var>
<arg>json.loads("""${json_data}""")</arg>
<arg>json</arg>
<doc>Evaluates the given expression in Python and returns the result.</doc>
<status status="NOT RUN" start="2024-03-10T06:41:37.777219" elapsed="0.000032"/>
</kw>
<status status="NOT RUN" start="2024-03-10T06:41:37.772708" elapsed="0.004614"/>
</branch>
<status status="PASS" start="2024-03-10T06:41:37.772675" elapsed="0.004690"/>
</if>
<kw name="Get From Dictionary" owner="Collections">
<msg time="2024-03-10T06:41:37.778118" level="INFO">${body} = None</msg>
<var>${body}</var>
<arg>${json_data}</arg>
<arg>body</arg>
<arg>${None}</arg>
<doc>Returns a value from the given ``dictionary`` based on the given ``key``.</doc>
<status status="PASS" start="2024-03-10T06:41:37.777569" elapsed="0.000594"/>
</kw>
<kw name="Get From Dictionary" owner="Collections">
<msg time="2024-03-10T06:41:37.778814" level="INFO">${headers} = None</msg>
<var>${headers}</var>
<arg>${json_data}</arg>
<arg>headers</arg>
<arg>${None}</arg>
<doc>Returns a value from the given ``dictionary`` based on the given ``key``.</doc>
<status status="PASS" start="2024-03-10T06:41:37.778405" elapsed="0.000450"/>
</kw>
<kw name="Get From Dictionary" owner="Collections">
<msg time="2024-03-10T06:41:37.779488" level="INFO">${params} = None</msg>
<var>${params}</var>
<arg>${json_data}</arg>
<arg>params</arg>
<arg>${None}</arg>
<doc>Returns a value from the given ``dictionary`` based on the given ``key``.</doc>
<status status="PASS" start="2024-03-10T06:41:37.779094" elapsed="0.000435"/>
</kw>
<kw name="Get From Dictionary" owner="Collections">
<msg time="2024-03-10T06:41:37.780152" level="INFO">${method} = GET</msg>
<var>${method}</var>
<arg>${json_data}</arg>
<arg>method</arg>
<arg>${None}</arg>
<doc>Returns a value from the given ``dictionary`` based on the given ``key``.</doc>
<status status="PASS" start="2024-03-10T06:41:37.779766" elapsed="0.000427"/>
</kw>
<kw name="Run Keyword And Return Status" owner="BuiltIn">
<kw name="Should Contain" owner="BuiltIn">
<msg time="2024-03-10T06:41:37.781220" level="FAIL">'{'method': 'GET', 'url': 'users_base', 'status': 200}' does not contain 'get'</msg>
<arg>${json}</arg>
<arg>get</arg>
<arg>ignore_case=${True}</arg>
<doc>Fails if ``container`` does not contain ``item`` one or more times.</doc>
<status status="FAIL" start="2024-03-10T06:41:37.780746" elapsed="0.000612">'{'method': 'GET', 'url': 'users_base', 'status': 200}' does not contain 'get'</status>
</kw>
<msg time="2024-03-10T06:41:37.781548" level="INFO">${name_file_get} = False</msg>
<var>${name_file_get}</var>
<arg>Should Contain</arg>
<arg>${json}</arg>
<arg>get</arg>
<arg>ignore_case=${True}</arg>
<doc>Runs the given keyword with given arguments and returns the status as a Boolean value.</doc>
<status status="PASS" start="2024-03-10T06:41:37.780446" elapsed="0.001143"/>
</kw>
<kw name="Run Keyword And Return Status" owner="BuiltIn">
<kw name="Should Contain" owner="BuiltIn">
<msg time="2024-03-10T06:41:37.782861" level="FAIL">'{'method': 'GET', 'url': 'users_base', 'status': 200}' does not contain 'post'</msg>
<arg>${json}</arg>
<arg>post</arg>
<arg>ignore_case=${True}</arg>
<doc>Fails if ``container`` does not contain ``item`` one or more times.</doc>
<status status="FAIL" start="2024-03-10T06:41:37.782351" elapsed="0.000628">'{'method': 'GET', 'url': 'users_base', 'status': 200}' does not contain 'post'</status>
</kw>
<msg time="2024-03-10T06:41:37.783173" level="INFO">${name_file_post} = False</msg>
<var>${name_file_post}</var>
<arg>Should Contain</arg>
<arg>${json}</arg>
<arg>post</arg>
<arg>ignore_case=${True}</arg>
<doc>Runs the given keyword with given arguments and returns the status as a Boolean value.</doc>
<status status="PASS" start="2024-03-10T06:41:37.781963" elapsed="0.001251"/>
</kw>
<kw name="Run Keyword If" owner="BuiltIn">
<kw name="Parse_JSON" owner="resources_keywords">
<kw name="Remove From Dictionary" owner="Collections">
<msg time="2024-03-10T06:41:37.785388" level="INFO">Key 'replace' not found.</msg>
<arg>${json}</arg>
<arg>replace</arg>
<doc>Removes the given ``keys`` from the ``dictionary``.</doc>
<status status="PASS" start="2024-03-10T06:41:37.784631" elapsed="0.000864"/>
</kw>
<kw name="Set Variable" owner="BuiltIn">
<msg time="2024-03-10T06:41:37.786079" level="INFO">${val} = {'method': 'GET', 'url': 'users_base', 'status': 200}</msg>
<var>${val}</var>
<arg>${json}</arg>
<doc>Returns the given values which can then be assigned to a variables.</doc>
<status status="PASS" start="2024-03-10T06:41:37.785767" elapsed="0.000352"/>
</kw>
<kw name="Evaluate" owner="BuiltIn">
<msg time="2024-03-10T06:41:37.786964" level="INFO">${json_data} = {
    "method": "GET",
    "url": "users_base",
    "status": 200
}</msg>
<var>${json_data}</var>
<arg>json.dumps(${val}, indent=4)</arg>
<arg>json</arg>
<doc>Evaluates the given expression in Python and returns the result.</doc>
<status status="PASS" start="2024-03-10T06:41:37.786346" elapsed="0.000666"/>
</kw>
<kw name="Log To Console" owner="BuiltIn">
<arg>Payload: ${json_data}</arg>
<doc>Logs the given message to the console.</doc>
<status status="PASS" start="2024-03-10T06:41:37.787273" elapsed="0.000338"/>
</kw>
<arg>${json_data}</arg>
<status status="PASS" start="2024-03-10T06:41:37.784041" elapsed="0.003696"/>
</kw>
<arg>${log}</arg>
<arg>Parse_JSON</arg>
<arg>${json_data}</arg>
<doc>Runs the given keyword with the given arguments, if ``condition`` is true.</doc>
<status status="PASS" start="2024-03-10T06:41:37.783508" elapsed="0.004315"/>
</kw>
<kw name="Run Keyword If" owner="BuiltIn">
<kw name="Request_get" owner="keywords_requests">
<kw name="GET" owner="RequestsLibrary">
<msg time="2024-03-10T06:41:38.632662" level="INFO">GET Request : url=https://reqres.in/api/users 
 path_url=/api/users 
 headers={'User-Agent': 'python-requests/2.31.0', 'Accept-Encoding': 'gzip, deflate', 'Accept': '*/*', 'Connection': 'keep-alive'} 
 body=None 
 </msg>
<msg time="2024-03-10T06:41:38.632855" level="INFO">GET Response : url=https://reqres.in/api/users 
 status=200, reason=OK 
 headers={'Date': 'Sun, 10 Mar 2024 09:41:40 GMT', 'Content-Type': 'application/json; charset=utf-8', 'Transfer-Encoding': 'chunked', 'Connection': 'keep-alive', 'Report-To': '{"group":"heroku-nel","max_age":3600,"endpoints":[{"url":"https://nel.heroku.com/reports?ts=1710000906&amp;sid=c4c9725f-1ab0-44d8-820f-430df2718e11&amp;s=boXz7ZFagNY7zSiul73jXndfSfh1S3FML5ZFnW9ZBec%3D"}]}', 'Reporting-Endpoints': 'heroku-nel=https://nel.heroku.com/reports?ts=1710000906&amp;sid=c4c9725f-1ab0-44d8-820f-430df2718e11&amp;s=boXz7ZFagNY7zSiul73jXndfSfh1S3FML5ZFnW9ZBec%3D', 'Nel': '{"report_to":"heroku-nel","max_age":3600,"success_fraction":0.005,"failure_fraction":0.05,"response_headers":["Via"]}', 'X-Powered-By': 'Express', 'Access-Control-Allow-Origin': '*', 'Etag': 'W/"3e4-2RLXvr5wTg9YQ6aH95CkYoFNuO8"', 'Via': '1.1 vegur', 'Cache-Control': 'max-age=14400', 'CF-Cache-Status': 'REVALIDATED', 'Vary': 'Accept-Encoding', 'Server': 'cloudflare', 'CF-RAY': '862259ab8a6aa4cb-GRU', 'Content-Encoding': 'gzip'} 
 body={"page":1,"per_page":6,"total":12,"total_pages":2,"data":[{"id":1,"email":"george.bluth@reqres.in","first_name":"George","last_name":"Bluth","avatar":"https://reqres.in/img/faces/1-image.jpg"},{"id":2,"email":"janet.weaver@reqres.in","first_name":"Janet","last_name":"Weaver","avatar":"https://reqres.in/img/faces/2-image.jpg"},{"id":3,"email":"emma.wong@reqres.in","first_name":"Emma","last_name":"Wong","avatar":"https://reqres.in/img/faces/3-image.jpg"},{"id":4,"email":"eve.holt@reqres.in","first_name":"Eve","last_name":"Holt","avatar":"https://reqres.in/img/faces/4-image.jpg"},{"id":5,"email":"charles.morris@reqres.in","first_name":"Charles","last_name":"Morris","avatar":"https://reqres.in/img/faces/5-image.jpg"},{"id":6,"email":"tracey.ramos@reqres.in","first_name":"Tracey","last_name":"Ramos","avatar":"https://reqres.in/img/faces/6-image.jpg"}],"support":{"url":"https://reqres.in/#support-heading","text":"To keep ReqRes free, contributions towards server costs are appreciated!"}} 
 </msg>
<msg time="2024-03-10T06:41:38.633244" level="INFO">${response} = &lt;Response [200]&gt;</msg>
<var>${response}</var>
<arg>${url}</arg>
<doc>Sends a GET request.</doc>
<status status="PASS" start="2024-03-10T06:41:37.789781" elapsed="0.843525"/>
</kw>
<kw name="Set Variable" owner="BuiltIn">
<msg time="2024-03-10T06:41:38.635096" level="INFO">${response_body} = {'page': 1, 'per_page': 6, 'total': 12, 'total_pages': 2, 'data': [{'id': 1, 'email': 'george.bluth@reqres.in', 'first_name': 'George', 'last_name': 'Bluth', 'avatar': 'https://reqres.in/img/faces/1-i...</msg>
<var>${response_body}</var>
<arg>${response.json()}</arg>
<doc>Returns the given values which can then be assigned to a variables.</doc>
<status status="PASS" start="2024-03-10T06:41:38.633724" elapsed="0.001522"/>
</kw>
<kw name="Evaluate" owner="BuiltIn">
<msg time="2024-03-10T06:41:38.636931" level="INFO">${response_json} = {
    "page": 1,
    "per_page": 6,
    "total": 12,
    "total_pages": 2,
    "data": [
        {
            "id": 1,
            "email": "george.bluth@reqres.in",
            "first_name": "George...</msg>
<var>${response_json}</var>
<arg>json.dumps(${response_body}, indent=4)</arg>
<arg>json</arg>
<doc>Evaluates the given expression in Python and returns the result.</doc>
<status status="PASS" start="2024-03-10T06:41:38.635664" elapsed="0.001331"/>
</kw>
<kw name="Run Keyword If" owner="BuiltIn">
<kw name="Log To Console" owner="BuiltIn">
<arg>${response_json}</arg>
<doc>Logs the given message to the console.</doc>
<status status="PASS" start="2024-03-10T06:41:38.637872" elapsed="0.000510"/>
</kw>
<arg>${log}</arg>
<arg>Log To Console</arg>
<arg>${response_json}</arg>
<doc>Runs the given keyword with the given arguments, if ``condition`` is true.</doc>
<status status="PASS" start="2024-03-10T06:41:38.637339" elapsed="0.001182"/>
</kw>
<return>
<value>${response}</value>
<status status="PASS" start="2024-03-10T06:41:38.638657" elapsed="0.000073"/>
</return>
<arg>${url_endpoint}</arg>
<arg>${log}</arg>
<status status="PASS" start="2024-03-10T06:41:37.789093" elapsed="0.849903"/>
</kw>
<msg time="2024-03-10T06:41:38.639200" level="INFO">${response} = &lt;Response [200]&gt;</msg>
<var>${response}</var>
<arg>${name_file_get}</arg>
<arg>Request_get</arg>
<arg>${url_endpoint}</arg>
<arg>${log}</arg>
<arg>ELSE IF</arg>
<arg>${name_file_post}</arg>
<arg>Request_post</arg>
<arg>${url_endpoint}</arg>
<arg>${body}</arg>
<arg>${headers}</arg>
<arg>${params}</arg>
<arg>${log}</arg>
<arg>ELSE IF</arg>
<arg>'${method}' == 'GET'</arg>
<arg>Request_get</arg>
<arg>${url_endpoint}</arg>
<arg>${log}</arg>
<arg>ELSE IF</arg>
<arg>'${method}' == 'POST'</arg>
<arg>Request_post</arg>
<arg>${url_endpoint}</arg>
<arg>${body}</arg>
<arg>${headers}</arg>
<arg>${params}</arg>
<arg>${log}</arg>
<doc>Runs the given keyword with the given arguments, if ``condition`` is true.</doc>
<status status="PASS" start="2024-03-10T06:41:37.788122" elapsed="0.851137"/>
</kw>
<kw name="Run Keyword And Return Status" owner="BuiltIn">
<kw name="Dictionary Should Contain Key" owner="Collections">
<msg time="2024-03-10T06:41:38.640661" level="INFO">False</msg>
<arg>${json_data}</arg>
<arg>status</arg>
<doc>Fails if ``key`` is not found from ``dictionary``.</doc>
<status status="PASS" start="2024-03-10T06:41:38.640296" elapsed="0.000447"/>
</kw>
<msg time="2024-03-10T06:41:38.640918" level="INFO">${has_status} = True</msg>
<var>${has_status}</var>
<arg>Dictionary Should Contain Key</arg>
<arg>${json_data}</arg>
<arg>status</arg>
<doc>Runs the given keyword with given arguments and returns the status as a Boolean value.</doc>
<status status="PASS" start="2024-03-10T06:41:38.639858" elapsed="0.001106"/>
</kw>
<if>
<branch type="IF" condition="${has_status}">
<kw name="Set Variable" owner="BuiltIn">
<msg time="2024-03-10T06:41:38.642815" level="INFO">${variable_name} = 200</msg>
<var>${variable_name}</var>
<arg>${json_data["status"]}</arg>
<doc>Returns the given values which can then be assigned to a variables.</doc>
<status status="PASS" start="2024-03-10T06:41:38.641504" elapsed="0.001376"/>
</kw>
<kw name="Should Be Equal As Numbers" owner="BuiltIn">
<arg>${response.status_code}</arg>
<arg>${variable_name}</arg>
<doc>Fails if objects are unequal after converting them to real numbers.</doc>
<status status="PASS" start="2024-03-10T06:41:38.643276" elapsed="0.001373"/>
</kw>
<kw name="Log To Console" owner="BuiltIn">
<arg>\n ✅ [̳ EXPECT ]̳ status equal ${response.status_code}\n</arg>
<doc>Logs the given message to the console.</doc>
<status status="PASS" start="2024-03-10T06:41:38.645053" elapsed="0.001239"/>
</kw>
<status status="PASS" start="2024-03-10T06:41:38.641141" elapsed="0.005250"/>
</branch>
<status status="PASS" start="2024-03-10T06:41:38.641100" elapsed="0.005349"/>
</if>
<kw name="Run Keyword And Return Status" owner="BuiltIn">
<kw name="Dictionary Should Contain Key" owner="Collections">
<msg time="2024-03-10T06:41:38.647506" level="INFO">False</msg>
<msg time="2024-03-10T06:41:38.647651" level="FAIL">Dictionary does not contain key 'expect'.</msg>
<arg>${json_data}</arg>
<arg>expect</arg>
<doc>Fails if ``key`` is not found from ``dictionary``.</doc>
<status status="FAIL" start="2024-03-10T06:41:38.647159" elapsed="0.000606">Dictionary does not contain key 'expect'.</status>
</kw>
<msg time="2024-03-10T06:41:38.647961" level="INFO">${has_expect} = False</msg>
<var>${has_expect}</var>
<arg>Dictionary Should Contain Key</arg>
<arg>${json_data}</arg>
<arg>expect</arg>
<doc>Runs the given keyword with given arguments and returns the status as a Boolean value.</doc>
<status status="PASS" start="2024-03-10T06:41:38.646772" elapsed="0.001307"/>
</kw>
<kw name="Run Keyword If" owner="BuiltIn">
<arg>${has_expect}</arg>
<arg>Validate Expectations</arg>
<arg>${response}</arg>
<arg>${json_data['expect']}</arg>
<doc>Runs the given keyword with the given arguments, if ``condition`` is true.</doc>
<status status="PASS" start="2024-03-10T06:41:38.648477" elapsed="0.000326"/>
</kw>
<kw name="Run Keyword And Return Status" owner="BuiltIn">
<kw name="Dictionary Should Contain Key" owner="Collections">
<msg time="2024-03-10T06:41:38.649784" level="INFO">False</msg>
<msg time="2024-03-10T06:41:38.649919" level="FAIL">Dictionary does not contain key 'save'.</msg>
<arg>${json_data}</arg>
<arg>save</arg>
<doc>Fails if ``key`` is not found from ``dictionary``.</doc>
<status status="FAIL" start="2024-03-10T06:41:38.649478" elapsed="0.000551">Dictionary does not contain key 'save'.</status>
</kw>
<msg time="2024-03-10T06:41:38.650205" level="INFO">${has_save} = False</msg>
<var>${has_save}</var>
<arg>Dictionary Should Contain Key</arg>
<arg>${json_data}</arg>
<arg>save</arg>
<doc>Runs the given keyword with given arguments and returns the status as a Boolean value.</doc>
<status status="PASS" start="2024-03-10T06:41:38.649135" elapsed="0.001111"/>
</kw>
<if>
<branch type="IF" condition="${has_save}">
<for flavor="IN">
<iter>
<kw name="Find In Json" owner="readJson">
<var>${results}</var>
<arg>${response.json()}</arg>
<arg>${item['path']}</arg>
<status status="NOT RUN" start="2024-03-10T06:41:38.650903" elapsed="0.000036"/>
</kw>
<kw name="Set Variable If" owner="BuiltIn">
<var>${val}</var>
<arg>${item.get('as', ${None})}</arg>
<arg>${item.get('as', ${None})}</arg>
<arg>${item['path']}</arg>
<doc>Sets variable based on the given condition.</doc>
<status status="NOT RUN" start="2024-03-10T06:41:38.651179" elapsed="0.000033"/>
</kw>
<kw name="Run Keyword If" owner="BuiltIn">
<arg>len(${results}) &gt; 0</arg>
<arg>Save</arg>
<arg>${val}</arg>
<arg>${results}</arg>
<doc>Runs the given keyword with the given arguments, if ``condition`` is true.</doc>
<status status="NOT RUN" start="2024-03-10T06:41:38.651493" elapsed="0.000086"/>
</kw>
<var name="${item}"/>
<status status="NOT RUN" start="2024-03-10T06:41:38.650702" elapsed="0.000981"/>
</iter>
<var>${item}</var>
<value>@{json_data['save']}</value>
<status status="NOT RUN" start="2024-03-10T06:41:38.650572" elapsed="0.001190"/>
</for>
<status status="NOT RUN" start="2024-03-10T06:41:38.650407" elapsed="0.001464"/>
</branch>
<status status="PASS" start="2024-03-10T06:41:38.650371" elapsed="0.001554"/>
</if>
<return>
<value>${response}</value>
<status status="PASS" start="2024-03-10T06:41:38.652100" elapsed="0.000057"/>
</return>
<msg time="2024-03-10T06:41:38.652452" level="INFO">${response} = &lt;Response [200]&gt;</msg>
<var>${response}</var>
<arg>${json}</arg>
<arg>True</arg>
<status status="PASS" start="2024-03-10T06:41:37.748607" elapsed="0.903890"/>
</kw>
<status status="PASS" start="2024-03-10T06:41:37.741191" elapsed="0.911617"/>
</test>
<status status="PASS" start="2024-03-10T06:41:34.899851" elapsed="3.753675"/>
</suite>
<status status="PASS" start="2024-03-10T06:41:34.859832" elapsed="3.794693"/>
</suite>
<statistics>
<total>
<stat pass="4" fail="0" skip="0">All Tests</stat>
</total>
<tag>
</tag>
<suite>
<stat pass="4" fail="0" skip="0" id="s1" name="Tests">Tests</stat>
<stat pass="4" fail="0" skip="0" id="s1-s1" name="Requests">Tests.Requests</stat>
</suite>
</statistics>
<errors>
</errors>
</robot>
